{"/home/travis/build/npmtest/node-npmtest-tar-stream/test.js":{"path":"/home/travis/build/npmtest/node-npmtest-tar-stream/test.js","s":{"1":2,"2":2,"3":2,"4":2,"5":2,"6":2,"7":2,"8":1,"9":2,"10":2,"11":1,"12":1,"13":1,"14":1,"15":2,"16":2,"17":2,"18":2,"19":1,"20":1,"21":2,"22":2,"23":2,"24":1,"25":1,"26":1,"27":1,"28":1,"29":1,"30":1,"31":1,"32":1,"33":1,"34":1,"35":1,"36":1,"37":2,"38":2,"39":1,"40":2,"41":2,"42":1,"43":2,"44":2,"45":1,"46":2,"47":2,"48":1,"49":1,"50":1,"51":1,"52":1},"b":{"1":[2,1,1,1],"2":[1,1,1,1],"3":[1,1],"4":[1,1],"5":[1,1],"6":[1,1],"7":[1,1],"8":[1,1],"9":[1,1,1],"10":[1,1],"11":[1,1],"12":[1,1],"13":[1,1],"14":[1,1],"15":[1,1],"16":[1,1]},"f":{"1":2,"2":2,"3":2,"4":2,"5":2,"6":1,"7":1,"8":2,"9":2,"10":2,"11":2,"12":1},"fnMap":{"1":{"name":"(anonymous_1)","line":12,"loc":{"start":{"line":12,"column":1},"end":{"line":12,"column":13}}},"2":{"name":"(anonymous_2)","line":19,"loc":{"start":{"line":19,"column":5},"end":{"line":19,"column":17}}},"3":{"name":"(anonymous_3)","line":23,"loc":{"start":{"line":23,"column":24},"end":{"line":23,"column":36}}},"4":{"name":"(anonymous_4)","line":61,"loc":{"start":{"line":61,"column":5},"end":{"line":61,"column":17}}},"5":{"name":"(anonymous_5)","line":82,"loc":{"start":{"line":82,"column":5},"end":{"line":82,"column":17}}},"6":{"name":"(anonymous_6)","line":102,"loc":{"start":{"line":102,"column":83},"end":{"line":105,"column":10}},"skip":true},"7":{"name":"(anonymous_7)","line":113,"loc":{"start":{"line":113,"column":77},"end":{"line":116,"column":10}},"skip":true},"8":{"name":"(anonymous_8)","line":129,"loc":{"start":{"line":129,"column":12},"end":{"line":129,"column":40}},"skip":true},"9":{"name":"(anonymous_9)","line":137,"loc":{"start":{"line":137,"column":77},"end":{"line":140,"column":10}},"skip":true},"10":{"name":"(anonymous_10)","line":148,"loc":{"start":{"line":148,"column":83},"end":{"line":151,"column":10}},"skip":true},"11":{"name":"(anonymous_11)","line":159,"loc":{"start":{"line":159,"column":79},"end":{"line":162,"column":10}},"skip":true},"12":{"name":"(anonymous_12)","line":170,"loc":{"start":{"line":170,"column":75},"end":{"line":173,"column":10}},"skip":true}},"statementMap":{"1":{"start":{"line":12,"column":0},"end":{"line":185,"column":5}},"2":{"start":{"line":14,"column":4},"end":{"line":14,"column":14}},"3":{"start":{"line":19,"column":4},"end":{"line":56,"column":9}},"4":{"start":{"line":21,"column":8},"end":{"line":21,"column":19}},"5":{"start":{"line":23,"column":8},"end":{"line":35,"column":13}},"6":{"start":{"line":24,"column":12},"end":{"line":34,"column":13}},"7":{"start":{"line":25,"column":16},"end":{"line":28,"column":30}},"8":{"start":{"line":30,"column":16},"end":{"line":33,"column":27}},"9":{"start":{"line":37,"column":8},"end":{"line":39,"column":21}},"10":{"start":{"line":40,"column":8},"end":{"line":53,"column":9}},"11":{"start":{"line":43,"column":12},"end":{"line":46,"column":14}},"12":{"start":{"line":47,"column":12},"end":{"line":47,"column":18}},"13":{"start":{"line":50,"column":12},"end":{"line":51,"column":46}},"14":{"start":{"line":52,"column":12},"end":{"line":52,"column":18}},"15":{"start":{"line":55,"column":8},"end":{"line":55,"column":35}},"16":{"start":{"line":61,"column":4},"end":{"line":63,"column":9}},"17":{"start":{"line":62,"column":8},"end":{"line":62,"column":15}},"18":{"start":{"line":64,"column":4},"end":{"line":77,"column":5}},"19":{"start":{"line":70,"column":8},"end":{"line":70,"column":14}},"20":{"start":{"line":76,"column":8},"end":{"line":76,"column":14}},"21":{"start":{"line":82,"column":4},"end":{"line":84,"column":9}},"22":{"start":{"line":83,"column":8},"end":{"line":83,"column":15}},"23":{"start":{"line":85,"column":4},"end":{"line":184,"column":5}},"24":{"start":{"line":92,"column":8},"end":{"line":94,"column":63}},"25":{"start":{"line":95,"column":8},"end":{"line":95,"column":14}},"26":{"start":{"line":102,"column":8},"end":{"line":111,"column":10},"skip":true},"27":{"start":{"line":109,"column":12},"end":{"line":109,"column":55},"skip":true},"28":{"start":{"line":110,"column":12},"end":{"line":110,"column":48},"skip":true},"29":{"start":{"line":113,"column":8},"end":{"line":126,"column":10},"skip":true},"30":{"start":{"line":120,"column":12},"end":{"line":120,"column":76},"skip":true},"31":{"start":{"line":121,"column":12},"end":{"line":121,"column":73},"skip":true},"32":{"start":{"line":122,"column":12},"end":{"line":122,"column":74},"skip":true},"33":{"start":{"line":123,"column":12},"end":{"line":123,"column":79},"skip":true},"34":{"start":{"line":124,"column":12},"end":{"line":124,"column":25},"skip":true},"35":{"start":{"line":125,"column":12},"end":{"line":125,"column":45},"skip":true},"36":{"start":{"line":128,"column":8},"end":{"line":135,"column":14},"skip":true},"37":{"start":{"line":133,"column":16},"end":{"line":133,"column":29},"skip":true},"38":{"start":{"line":134,"column":16},"end":{"line":134,"column":55},"skip":true},"39":{"start":{"line":137,"column":8},"end":{"line":146,"column":10},"skip":true},"40":{"start":{"line":144,"column":12},"end":{"line":144,"column":25},"skip":true},"41":{"start":{"line":145,"column":12},"end":{"line":145,"column":45},"skip":true},"42":{"start":{"line":148,"column":8},"end":{"line":157,"column":10},"skip":true},"43":{"start":{"line":155,"column":12},"end":{"line":155,"column":25},"skip":true},"44":{"start":{"line":156,"column":12},"end":{"line":156,"column":48},"skip":true},"45":{"start":{"line":159,"column":8},"end":{"line":168,"column":10},"skip":true},"46":{"start":{"line":166,"column":12},"end":{"line":166,"column":25},"skip":true},"47":{"start":{"line":167,"column":12},"end":{"line":167,"column":46},"skip":true},"48":{"start":{"line":170,"column":8},"end":{"line":179,"column":10},"skip":true},"49":{"start":{"line":177,"column":12},"end":{"line":177,"column":94},"skip":true},"50":{"start":{"line":178,"column":12},"end":{"line":178,"column":48},"skip":true},"51":{"start":{"line":182,"column":8},"end":{"line":182,"column":35},"skip":true},"52":{"start":{"line":183,"column":8},"end":{"line":183,"column":14},"skip":true}},"branchMap":{"1":{"line":25,"type":"binary-expr","locations":[{"start":{"line":25,"column":23},"end":{"line":25,"column":62}},{"start":{"line":26,"column":20},"end":{"line":26,"column":70}},{"start":{"line":27,"column":20},"end":{"line":27,"column":71}},{"start":{"line":28,"column":20},"end":{"line":28,"column":29}}]},"2":{"line":30,"type":"binary-expr","locations":[{"start":{"line":30,"column":23},"end":{"line":30,"column":37}},{"start":{"line":31,"column":20},"end":{"line":31,"column":61}},{"start":{"line":32,"column":20},"end":{"line":32,"column":70}},{"start":{"line":33,"column":20},"end":{"line":33,"column":26}}]},"3":{"line":37,"type":"cond-expr","locations":[{"start":{"line":38,"column":14},"end":{"line":38,"column":20}},{"start":{"line":39,"column":14},"end":{"line":39,"column":20}}]},"4":{"line":40,"type":"switch","locations":[{"start":{"line":42,"column":8},"end":{"line":47,"column":18}},{"start":{"line":49,"column":8},"end":{"line":52,"column":18}}]},"5":{"line":44,"type":"binary-expr","locations":[{"start":{"line":44,"column":16},"end":{"line":44,"column":44}},{"start":{"line":44,"column":48},"end":{"line":44,"column":66}}]},"6":{"line":50,"type":"binary-expr","locations":[{"start":{"line":50,"column":21},"end":{"line":50,"column":49}},{"start":{"line":50,"column":53},"end":{"line":50,"column":72}}]},"7":{"line":64,"type":"switch","locations":[{"start":{"line":69,"column":4},"end":{"line":70,"column":14}},{"start":{"line":75,"column":4},"end":{"line":76,"column":14}}]},"8":{"line":85,"type":"switch","locations":[{"start":{"line":90,"column":4},"end":{"line":95,"column":14}},{"start":{"line":101,"column":4},"end":{"line":183,"column":14},"skip":true}]},"9":{"line":92,"type":"binary-expr","locations":[{"start":{"line":92,"column":18},"end":{"line":92,"column":32}},{"start":{"line":93,"column":12},"end":{"line":93,"column":53}},{"start":{"line":94,"column":12},"end":{"line":94,"column":61}}]},"10":{"line":102,"type":"binary-expr","locations":[{"start":{"line":102,"column":45},"end":{"line":102,"column":79},"skip":true},{"start":{"line":102,"column":83},"end":{"line":111,"column":9},"skip":true}]},"11":{"line":113,"type":"binary-expr","locations":[{"start":{"line":113,"column":42},"end":{"line":113,"column":73},"skip":true},{"start":{"line":113,"column":77},"end":{"line":126,"column":9},"skip":true}]},"12":{"line":128,"type":"binary-expr","locations":[{"start":{"line":128,"column":48},"end":{"line":128,"column":85},"skip":true},{"start":{"line":129,"column":12},"end":{"line":135,"column":13},"skip":true}]},"13":{"line":137,"type":"binary-expr","locations":[{"start":{"line":137,"column":42},"end":{"line":137,"column":73},"skip":true},{"start":{"line":137,"column":77},"end":{"line":146,"column":9},"skip":true}]},"14":{"line":148,"type":"binary-expr","locations":[{"start":{"line":148,"column":45},"end":{"line":148,"column":79},"skip":true},{"start":{"line":148,"column":83},"end":{"line":157,"column":9},"skip":true}]},"15":{"line":159,"type":"binary-expr","locations":[{"start":{"line":159,"column":43},"end":{"line":159,"column":75},"skip":true},{"start":{"line":159,"column":79},"end":{"line":168,"column":9},"skip":true}]},"16":{"line":170,"type":"binary-expr","locations":[{"start":{"line":170,"column":41},"end":{"line":170,"column":71},"skip":true},{"start":{"line":170,"column":75},"end":{"line":179,"column":9},"skip":true}]}},"code":["/* istanbul instrument in package npmtest_tar_stream */","/*jslint","    bitwise: true,","    browser: true,","    maxerr: 8,","    maxlen: 96,","    node: true,","    nomen: true,","    regexp: true,","    stupid: true","*/","(function () {","    'use strict';","    var local;","","","","    // run shared js-env code - pre-init","    (function () {","        // init local","        local = {};","        // init modeJs","        local.modeJs = (function () {","            try {","                return typeof navigator.userAgent === 'string' &&","                    typeof document.querySelector('body') === 'object' &&","                    typeof XMLHttpRequest.prototype.open === 'function' &&","                    'browser';","            } catch (errorCaughtBrowser) {","                return module.exports &&","                    typeof process.versions.node === 'string' &&","                    typeof require('http').createServer === 'function' &&","                    'node';","            }","        }());","        // init global","        local.global = local.modeJs === 'browser'","            ? window","            : global;","        switch (local.modeJs) {","        // re-init local from window.local","        case 'browser':","            local = local.global.utility2.objectSetDefault(","                local.global.utility2_rollup || local.global.local,","                local.global.utility2","            );","            break;","        // re-init local from example.js","        case 'node':","            local = (local.global.utility2_rollup || require('utility2'))","                .requireExampleJsFromReadme();","            break;","        }","        // export local","        local.global.local = local;","    }());","","","","    // run shared js-env code - function","    (function () {","        return;","    }());","    switch (local.modeJs) {","","","","    // run browser js-env code - function","    case 'browser':","        break;","","","","    // run node js-env code - function","    case 'node':","        break;","    }","","","","    // run shared js-env code - post-init","    (function () {","        return;","    }());","    switch (local.modeJs) {","","","","    // run browser js-env code - post-init","    case 'browser':","        // run tests","        local.nop(local.modeTest &&","            document.querySelector('#testRunButton1') &&","            document.querySelector('#testRunButton1').click());","        break;","","","","    // run node js-env code - post-init","    /* istanbul ignore next */","    case 'node':","        local.testCase_buildApidoc_default = local.testCase_buildApidoc_default || function (","            options,","            onError","        ) {","        /*","         * this function will test buildApidoc's default handling-behavior-behavior","         */","            options = { modulePathList: module.paths };","            local.buildApidoc(options, onError);","        };","","        local.testCase_buildApp_default = local.testCase_buildApp_default || function (","            options,","            onError","        ) {","        /*","         * this function will test buildApp's default handling-behavior-behavior","         */","            local.testCase_buildReadme_default(options, local.onErrorThrow);","            local.testCase_buildLib_default(options, local.onErrorThrow);","            local.testCase_buildTest_default(options, local.onErrorThrow);","            local.testCase_buildCustomOrg_default(options, local.onErrorThrow);","            options = [];","            local.buildApp(options, onError);","        };","","        local.testCase_buildCustomOrg_default = local.testCase_buildCustomOrg_default ||","            function (options, onError) {","            /*","             * this function will test buildCustomOrg's default handling-behavior","             */","                options = {};","                local.buildCustomOrg(options, onError);","            };","","        local.testCase_buildLib_default = local.testCase_buildLib_default || function (","            options,","            onError","        ) {","        /*","         * this function will test buildLib's default handling-behavior","         */","            options = {};","            local.buildLib(options, onError);","        };","","        local.testCase_buildReadme_default = local.testCase_buildReadme_default || function (","            options,","            onError","        ) {","        /*","         * this function will test buildReadme's default handling-behavior-behavior","         */","            options = {};","            local.buildReadme(options, onError);","        };","","        local.testCase_buildTest_default = local.testCase_buildTest_default || function (","            options,","            onError","        ) {","        /*","         * this function will test buildTest's default handling-behavior","         */","            options = {};","            local.buildTest(options, onError);","        };","","        local.testCase_webpage_default = local.testCase_webpage_default || function (","            options,","            onError","        ) {","        /*","         * this function will test webpage's default handling-behavior","         */","            options = { modeCoverageMerge: true, url: local.serverLocalHost + '?modeTest=1' };","            local.browserTest(options, onError);","        };","","        // run test-server","        local.testRunServer(local);","        break;","    }","}());",""],"l":{"12":2,"14":2,"19":2,"21":2,"23":2,"24":2,"25":2,"30":1,"37":2,"40":2,"43":1,"47":1,"50":1,"52":1,"55":2,"61":2,"62":2,"64":2,"70":1,"76":1,"82":2,"83":2,"85":2,"92":1,"95":1,"102":1,"109":1,"110":1,"113":1,"120":1,"121":1,"122":1,"123":1,"124":1,"125":1,"128":1,"133":2,"134":2,"137":1,"144":2,"145":2,"148":1,"155":2,"156":2,"159":1,"166":2,"167":2,"170":1,"177":1,"178":1,"182":1,"183":1}},"/home/travis/build/npmtest/node-npmtest-tar-stream/lib.npmtest_tar_stream.js":{"path":"/home/travis/build/npmtest/node-npmtest-tar-stream/lib.npmtest_tar_stream.js","s":{"1":2,"2":2,"3":2,"4":2,"5":2,"6":2,"7":2,"8":1,"9":2,"10":2,"11":2,"12":2,"13":1,"14":1,"15":1,"16":1},"b":{"1":[2,1,1,1],"2":[1,1,1,1],"3":[1,1],"4":[2,2],"5":[1,1]},"f":{"1":2,"2":2,"3":2},"fnMap":{"1":{"name":"(anonymous_1)","line":12,"loc":{"start":{"line":12,"column":1},"end":{"line":12,"column":13}}},"2":{"name":"(anonymous_2)","line":19,"loc":{"start":{"line":19,"column":5},"end":{"line":19,"column":17}}},"3":{"name":"(anonymous_3)","line":23,"loc":{"start":{"line":23,"column":24},"end":{"line":23,"column":36}}}},"statementMap":{"1":{"start":{"line":12,"column":0},"end":{"line":53,"column":5}},"2":{"start":{"line":14,"column":4},"end":{"line":14,"column":14}},"3":{"start":{"line":19,"column":4},"end":{"line":52,"column":9}},"4":{"start":{"line":21,"column":8},"end":{"line":21,"column":19}},"5":{"start":{"line":23,"column":8},"end":{"line":35,"column":13}},"6":{"start":{"line":24,"column":12},"end":{"line":34,"column":13}},"7":{"start":{"line":25,"column":16},"end":{"line":28,"column":30}},"8":{"start":{"line":30,"column":16},"end":{"line":33,"column":27}},"9":{"start":{"line":37,"column":8},"end":{"line":39,"column":21}},"10":{"start":{"line":41,"column":8},"end":{"line":41,"column":54}},"11":{"start":{"line":43,"column":8},"end":{"line":43,"column":55}},"12":{"start":{"line":45,"column":8},"end":{"line":51,"column":9}},"13":{"start":{"line":46,"column":12},"end":{"line":46,"column":61}},"14":{"start":{"line":48,"column":12},"end":{"line":48,"column":35}},"15":{"start":{"line":49,"column":12},"end":{"line":49,"column":49}},"16":{"start":{"line":50,"column":12},"end":{"line":50,"column":43}}},"branchMap":{"1":{"line":25,"type":"binary-expr","locations":[{"start":{"line":25,"column":23},"end":{"line":25,"column":62}},{"start":{"line":26,"column":20},"end":{"line":26,"column":70}},{"start":{"line":27,"column":20},"end":{"line":27,"column":71}},{"start":{"line":28,"column":20},"end":{"line":28,"column":29}}]},"2":{"line":30,"type":"binary-expr","locations":[{"start":{"line":30,"column":23},"end":{"line":30,"column":37}},{"start":{"line":31,"column":20},"end":{"line":31,"column":61}},{"start":{"line":32,"column":20},"end":{"line":32,"column":70}},{"start":{"line":33,"column":20},"end":{"line":33,"column":26}}]},"3":{"line":37,"type":"cond-expr","locations":[{"start":{"line":38,"column":14},"end":{"line":38,"column":20}},{"start":{"line":39,"column":14},"end":{"line":39,"column":20}}]},"4":{"line":41,"type":"binary-expr","locations":[{"start":{"line":41,"column":16},"end":{"line":41,"column":44}},{"start":{"line":41,"column":48},"end":{"line":41,"column":53}}]},"5":{"line":45,"type":"if","locations":[{"start":{"line":45,"column":8},"end":{"line":45,"column":8}},{"start":{"line":45,"column":8},"end":{"line":45,"column":8}}]}},"code":["/* istanbul instrument in package npmtest_tar_stream */","/*jslint","    bitwise: true,","    browser: true,","    maxerr: 8,","    maxlen: 96,","    node: true,","    nomen: true,","    regexp: true,","    stupid: true","*/","(function () {","    'use strict';","    var local;","","","","    // run shared js-env code - pre-init","    (function () {","        // init local","        local = {};","        // init modeJs","        local.modeJs = (function () {","            try {","                return typeof navigator.userAgent === 'string' &&","                    typeof document.querySelector('body') === 'object' &&","                    typeof XMLHttpRequest.prototype.open === 'function' &&","                    'browser';","            } catch (errorCaughtBrowser) {","                return module.exports &&","                    typeof process.versions.node === 'string' &&","                    typeof require('http').createServer === 'function' &&","                    'node';","            }","        }());","        // init global","        local.global = local.modeJs === 'browser'","            ? window","            : global;","        // init utility2_rollup","        local = local.global.utility2_rollup || local;","        // init lib","        local.local = local.npmtest_tar_stream = local;","        // init exports","        if (local.modeJs === 'browser') {","            local.global.utility2_npmtest_tar_stream = local;","        } else {","            module.exports = local;","            module.exports.__dirname = __dirname;","            module.exports.module = module;","        }","    }());","}());",""],"l":{"12":2,"14":2,"19":2,"21":2,"23":2,"24":2,"25":2,"30":1,"37":2,"41":2,"43":2,"45":2,"46":1,"48":1,"49":1,"50":1}},"/home/travis/build/npmtest/node-npmtest-tar-stream/example.js":{"path":"/home/travis/build/npmtest/node-npmtest-tar-stream/example.js","s":{"1":2,"2":2,"3":2,"4":2,"5":2,"6":2,"7":2,"8":1,"9":2,"10":2,"11":2,"12":2,"13":1,"14":2,"15":2,"16":2,"17":2,"18":2,"19":0,"20":2,"21":1,"22":1,"23":1,"24":1,"25":1,"26":0,"27":0,"28":1,"29":1,"30":2,"31":0,"32":0,"33":0,"34":1,"35":2,"36":2,"37":2,"38":2,"39":2,"40":2,"41":0,"42":2,"43":2,"44":2,"45":1,"46":3,"47":1,"48":1,"49":1,"50":1,"51":1,"52":1,"53":1,"54":1,"55":1,"56":1,"57":0,"58":1,"59":6,"60":6,"61":1,"62":2,"63":0,"64":2,"65":1,"66":1,"67":0,"68":0,"69":0,"70":0,"71":0,"72":0,"73":0,"74":0,"75":0,"76":0,"77":0,"78":0,"79":0,"80":0,"81":0,"82":0,"83":0},"b":{"1":[2,1,1,1],"2":[1,1,1,1],"3":[1,1],"4":[2,2],"5":[1,1],"6":[1,1],"7":[2,0],"8":[2,1,1,1,1,1],"9":[0,2,0],"10":[1,1],"11":[2,1,1],"12":[1,0],"13":[0,2],"14":[2,0,0,0,0,0,0],"15":[0,2],"16":[2,0],"17":[1,1],"18":[0,1],"19":[1,2,0,2],"20":[1,0],"21":[1,1],"22":[0,0],"23":[0,0],"24":[0,0],"25":[0,0],"26":[0,0],"27":[0,0],"28":[0,0]},"f":{"1":2,"2":2,"3":2,"4":2,"5":2,"6":2,"7":2,"8":2,"9":3,"10":1,"11":6,"12":0},"fnMap":{"1":{"name":"(anonymous_1)","line":26,"loc":{"start":{"line":26,"column":1},"end":{"line":26,"column":13}}},"2":{"name":"(anonymous_2)","line":33,"loc":{"start":{"line":33,"column":5},"end":{"line":33,"column":17}}},"3":{"name":"(anonymous_3)","line":37,"loc":{"start":{"line":37,"column":24},"end":{"line":37,"column":36}}},"4":{"name":"(anonymous_4)","line":69,"loc":{"start":{"line":69,"column":31},"end":{"line":69,"column":48}},"skip":true},"5":{"name":"(anonymous_5)","line":78,"loc":{"start":{"line":78,"column":26},"end":{"line":78,"column":45}},"skip":true},"6":{"name":"(anonymous_6)","line":123,"loc":{"start":{"line":123,"column":33},"end":{"line":123,"column":48}},"skip":true},"7":{"name":"(anonymous_7)","line":125,"loc":{"start":{"line":125,"column":27},"end":{"line":125,"column":39}},"skip":true},"8":{"name":"(anonymous_8)","line":133,"loc":{"start":{"line":133,"column":59},"end":{"line":133,"column":74}},"skip":true},"9":{"name":"(anonymous_9)","line":143,"loc":{"start":{"line":143,"column":45},"end":{"line":143,"column":62}},"skip":true},"10":{"name":"(anonymous_10)","line":144,"loc":{"start":{"line":144,"column":73},"end":{"line":144,"column":92}},"skip":true},"11":{"name":"(anonymous_11)","line":272,"loc":{"start":{"line":272,"column":51},"end":{"line":272,"column":77}},"skip":true},"12":{"name":"(anonymous_12)","line":314,"loc":{"start":{"line":314,"column":32},"end":{"line":314,"column":61}},"skip":true}},"statementMap":{"1":{"start":{"line":26,"column":0},"end":{"line":325,"column":5}},"2":{"start":{"line":28,"column":4},"end":{"line":28,"column":14}},"3":{"start":{"line":33,"column":4},"end":{"line":60,"column":9}},"4":{"start":{"line":35,"column":8},"end":{"line":35,"column":19}},"5":{"start":{"line":37,"column":8},"end":{"line":49,"column":13}},"6":{"start":{"line":38,"column":12},"end":{"line":48,"column":13}},"7":{"start":{"line":39,"column":16},"end":{"line":42,"column":30}},"8":{"start":{"line":44,"column":16},"end":{"line":47,"column":27}},"9":{"start":{"line":51,"column":8},"end":{"line":53,"column":21}},"10":{"start":{"line":55,"column":8},"end":{"line":57,"column":45}},"11":{"start":{"line":59,"column":8},"end":{"line":59,"column":35}},"12":{"start":{"line":61,"column":4},"end":{"line":324,"column":5}},"13":{"start":{"line":69,"column":8},"end":{"line":121,"column":10},"skip":true},"14":{"start":{"line":70,"column":12},"end":{"line":88,"column":13},"skip":true},"15":{"start":{"line":76,"column":16},"end":{"line":87,"column":19},"skip":true},"16":{"start":{"line":79,"column":20},"end":{"line":86,"column":21},"skip":true},"17":{"start":{"line":82,"column":24},"end":{"line":82,"column":43},"skip":true},"18":{"start":{"line":83,"column":24},"end":{"line":83,"column":30},"skip":true},"19":{"start":{"line":85,"column":24},"end":{"line":85,"column":49},"skip":true},"20":{"start":{"line":89,"column":12},"end":{"line":107,"column":13},"skip":true},"21":{"start":{"line":92,"column":16},"end":{"line":102,"column":17},"skip":true},"22":{"start":{"line":93,"column":20},"end":{"line":93,"column":86},"skip":true},"23":{"start":{"line":94,"column":20},"end":{"line":95,"column":45},"skip":true},"24":{"start":{"line":96,"column":20},"end":{"line":96,"column":42},"skip":true},"25":{"start":{"line":97,"column":20},"end":{"line":97,"column":48},"skip":true},"26":{"start":{"line":100,"column":20},"end":{"line":100,"column":85},"skip":true},"27":{"start":{"line":101,"column":20},"end":{"line":101,"column":96},"skip":true},"28":{"start":{"line":103,"column":16},"end":{"line":103,"column":22},"skip":true},"29":{"start":{"line":106,"column":16},"end":{"line":106,"column":22},"skip":true},"30":{"start":{"line":108,"column":12},"end":{"line":120,"column":13},"skip":true},"31":{"start":{"line":114,"column":16},"end":{"line":119,"column":17},"skip":true},"32":{"start":{"line":116,"column":20},"end":{"line":116,"column":78},"skip":true},"33":{"start":{"line":118,"column":20},"end":{"line":118,"column":47},"skip":true},"34":{"start":{"line":123,"column":8},"end":{"line":141,"column":11},"skip":true},"35":{"start":{"line":124,"column":12},"end":{"line":124,"column":54},"skip":true},"36":{"start":{"line":125,"column":12},"end":{"line":140,"column":14},"skip":true},"37":{"start":{"line":126,"column":16},"end":{"line":126,"column":28},"skip":true},"38":{"start":{"line":127,"column":16},"end":{"line":127,"column":69},"skip":true},"39":{"start":{"line":128,"column":16},"end":{"line":128,"column":75},"skip":true},"40":{"start":{"line":129,"column":16},"end":{"line":131,"column":17},"skip":true},"41":{"start":{"line":130,"column":20},"end":{"line":130,"column":27},"skip":true},"42":{"start":{"line":133,"column":16},"end":{"line":137,"column":36},"skip":true},"43":{"start":{"line":134,"column":20},"end":{"line":136,"column":55},"skip":true},"44":{"start":{"line":139,"column":16},"end":{"line":139,"column":57},"skip":true},"45":{"start":{"line":143,"column":8},"end":{"line":147,"column":11},"skip":true},"46":{"start":{"line":144,"column":12},"end":{"line":146,"column":15},"skip":true},"47":{"start":{"line":145,"column":16},"end":{"line":145,"column":70},"skip":true},"48":{"start":{"line":149,"column":8},"end":{"line":149,"column":31},"skip":true},"49":{"start":{"line":150,"column":8},"end":{"line":150,"column":14},"skip":true},"50":{"start":{"line":158,"column":8},"end":{"line":158,"column":31},"skip":true},"51":{"start":{"line":160,"column":8},"end":{"line":160,"column":33},"skip":true},"52":{"start":{"line":161,"column":8},"end":{"line":161,"column":37},"skip":true},"53":{"start":{"line":162,"column":8},"end":{"line":162,"column":35},"skip":true},"54":{"start":{"line":164,"column":8},"end":{"line":164,"column":50},"skip":true},"55":{"start":{"line":166,"column":8},"end":{"line":256,"column":2},"skip":true},"56":{"start":{"line":258,"column":8},"end":{"line":286,"column":9},"skip":true},"57":{"start":{"line":259,"column":12},"end":{"line":269,"column":14},"skip":true},"58":{"start":{"line":271,"column":12},"end":{"line":285,"column":19},"skip":true},"59":{"start":{"line":274,"column":20},"end":{"line":274,"column":35},"skip":true},"60":{"start":{"line":275,"column":20},"end":{"line":284,"column":21},"skip":true},"61":{"start":{"line":277,"column":24},"end":{"line":277,"column":64},"skip":true},"62":{"start":{"line":279,"column":24},"end":{"line":279,"column":40},"skip":true},"63":{"start":{"line":281,"column":24},"end":{"line":281,"column":40},"skip":true},"64":{"start":{"line":283,"column":24},"end":{"line":283,"column":39},"skip":true},"65":{"start":{"line":288,"column":8},"end":{"line":290,"column":9},"skip":true},"66":{"start":{"line":289,"column":12},"end":{"line":289,"column":18},"skip":true},"67":{"start":{"line":291,"column":8},"end":{"line":293,"column":54},"skip":true},"68":{"start":{"line":294,"column":8},"end":{"line":301,"column":37},"skip":true},"69":{"start":{"line":302,"column":8},"end":{"line":302,"column":82},"skip":true},"70":{"start":{"line":305,"column":8},"end":{"line":307,"column":9},"skip":true},"71":{"start":{"line":306,"column":12},"end":{"line":306,"column":82},"skip":true},"72":{"start":{"line":309,"column":8},"end":{"line":311,"column":9},"skip":true},"73":{"start":{"line":310,"column":12},"end":{"line":310,"column":18},"skip":true},"74":{"start":{"line":312,"column":8},"end":{"line":312,"column":54},"skip":true},"75":{"start":{"line":313,"column":8},"end":{"line":313,"column":69},"skip":true},"76":{"start":{"line":314,"column":8},"end":{"line":322,"column":36},"skip":true},"77":{"start":{"line":315,"column":12},"end":{"line":315,"column":61},"skip":true},"78":{"start":{"line":316,"column":12},"end":{"line":319,"column":13},"skip":true},"79":{"start":{"line":317,"column":16},"end":{"line":317,"column":75},"skip":true},"80":{"start":{"line":318,"column":16},"end":{"line":318,"column":23},"skip":true},"81":{"start":{"line":320,"column":12},"end":{"line":320,"column":38},"skip":true},"82":{"start":{"line":321,"column":12},"end":{"line":321,"column":27},"skip":true},"83":{"start":{"line":323,"column":8},"end":{"line":323,"column":14},"skip":true}},"branchMap":{"1":{"line":39,"type":"binary-expr","locations":[{"start":{"line":39,"column":23},"end":{"line":39,"column":62}},{"start":{"line":40,"column":20},"end":{"line":40,"column":70}},{"start":{"line":41,"column":20},"end":{"line":41,"column":71}},{"start":{"line":42,"column":20},"end":{"line":42,"column":29}}]},"2":{"line":44,"type":"binary-expr","locations":[{"start":{"line":44,"column":23},"end":{"line":44,"column":37}},{"start":{"line":45,"column":20},"end":{"line":45,"column":61}},{"start":{"line":46,"column":20},"end":{"line":46,"column":70}},{"start":{"line":47,"column":20},"end":{"line":47,"column":26}}]},"3":{"line":51,"type":"cond-expr","locations":[{"start":{"line":52,"column":14},"end":{"line":52,"column":20}},{"start":{"line":53,"column":14},"end":{"line":53,"column":20}}]},"4":{"line":55,"type":"binary-expr","locations":[{"start":{"line":55,"column":16},"end":{"line":55,"column":44}},{"start":{"line":55,"column":49},"end":{"line":57,"column":43}}]},"5":{"line":55,"type":"cond-expr","locations":[{"start":{"line":56,"column":14},"end":{"line":56,"column":54}},{"start":{"line":57,"column":14},"end":{"line":57,"column":43}}]},"6":{"line":61,"type":"switch","locations":[{"start":{"line":68,"column":4},"end":{"line":150,"column":14},"skip":true},{"start":{"line":156,"column":4},"end":{"line":323,"column":14},"skip":true}]},"7":{"line":70,"type":"if","locations":[{"start":{"line":70,"column":12},"end":{"line":70,"column":12},"skip":true},{"start":{"line":70,"column":12},"end":{"line":70,"column":12},"skip":true}]},"8":{"line":70,"type":"binary-expr","locations":[{"start":{"line":70,"column":16},"end":{"line":70,"column":22},"skip":true},{"start":{"line":70,"column":27},"end":{"line":70,"column":32},"skip":true},{"start":{"line":71,"column":20},"end":{"line":71,"column":39},"skip":true},{"start":{"line":72,"column":20},"end":{"line":72,"column":49},"skip":true},{"start":{"line":73,"column":20},"end":{"line":73,"column":58},"skip":true},{"start":{"line":74,"column":20},"end":{"line":74,"column":69},"skip":true}]},"9":{"line":79,"type":"switch","locations":[{"start":{"line":80,"column":20},"end":{"line":80,"column":33},"skip":true},{"start":{"line":81,"column":20},"end":{"line":83,"column":30},"skip":true},{"start":{"line":84,"column":20},"end":{"line":85,"column":49},"skip":true}]},"10":{"line":89,"type":"switch","locations":[{"start":{"line":90,"column":12},"end":{"line":103,"column":22},"skip":true},{"start":{"line":105,"column":12},"end":{"line":106,"column":22},"skip":true}]},"11":{"line":89,"type":"binary-expr","locations":[{"start":{"line":89,"column":20},"end":{"line":89,"column":25},"skip":true},{"start":{"line":89,"column":29},"end":{"line":89,"column":48},"skip":true},{"start":{"line":89,"column":52},"end":{"line":89,"column":74},"skip":true}]},"12":{"line":92,"type":"if","locations":[{"start":{"line":92,"column":16},"end":{"line":92,"column":16},"skip":true},{"start":{"line":92,"column":16},"end":{"line":92,"column":16},"skip":true}]},"13":{"line":108,"type":"if","locations":[{"start":{"line":108,"column":12},"end":{"line":108,"column":12},"skip":true},{"start":{"line":108,"column":12},"end":{"line":108,"column":12},"skip":true}]},"14":{"line":108,"type":"binary-expr","locations":[{"start":{"line":108,"column":16},"end":{"line":108,"column":61},"skip":true},{"start":{"line":108,"column":66},"end":{"line":108,"column":72},"skip":true},{"start":{"line":108,"column":77},"end":{"line":108,"column":82},"skip":true},{"start":{"line":109,"column":20},"end":{"line":109,"column":39},"skip":true},{"start":{"line":110,"column":20},"end":{"line":110,"column":49},"skip":true},{"start":{"line":111,"column":20},"end":{"line":111,"column":58},"skip":true},{"start":{"line":112,"column":20},"end":{"line":112,"column":68},"skip":true}]},"15":{"line":129,"type":"if","locations":[{"start":{"line":129,"column":16},"end":{"line":129,"column":16},"skip":true},{"start":{"line":129,"column":16},"end":{"line":129,"column":16},"skip":true}]},"16":{"line":134,"type":"cond-expr","locations":[{"start":{"line":135,"column":26},"end":{"line":135,"column":29},"skip":true},{"start":{"line":136,"column":26},"end":{"line":136,"column":54},"skip":true}]},"17":{"line":164,"type":"binary-expr","locations":[{"start":{"line":164,"column":27},"end":{"line":164,"column":43},"skip":true},{"start":{"line":164,"column":47},"end":{"line":164,"column":49},"skip":true}]},"18":{"line":258,"type":"if","locations":[{"start":{"line":258,"column":8},"end":{"line":258,"column":8},"skip":true},{"start":{"line":258,"column":8},"end":{"line":258,"column":8},"skip":true}]},"19":{"line":275,"type":"switch","locations":[{"start":{"line":276,"column":20},"end":{"line":277,"column":64},"skip":true},{"start":{"line":278,"column":20},"end":{"line":279,"column":40},"skip":true},{"start":{"line":280,"column":20},"end":{"line":281,"column":40},"skip":true},{"start":{"line":282,"column":20},"end":{"line":283,"column":39},"skip":true}]},"20":{"line":288,"type":"if","locations":[{"start":{"line":288,"column":8},"end":{"line":288,"column":8},"skip":true},{"start":{"line":288,"column":8},"end":{"line":288,"column":8},"skip":true}]},"21":{"line":288,"type":"binary-expr","locations":[{"start":{"line":288,"column":12},"end":{"line":288,"column":40},"skip":true},{"start":{"line":288,"column":44},"end":{"line":288,"column":67},"skip":true}]},"22":{"line":292,"type":"binary-expr","locations":[{"start":{"line":292,"column":12},"end":{"line":292,"column":50},"skip":true},{"start":{"line":293,"column":12},"end":{"line":293,"column":53},"skip":true}]},"23":{"line":295,"type":"binary-expr","locations":[{"start":{"line":295,"column":12},"end":{"line":295,"column":68},"skip":true},{"start":{"line":296,"column":12},"end":{"line":301,"column":36},"skip":true}]},"24":{"line":302,"type":"binary-expr","locations":[{"start":{"line":302,"column":43},"end":{"line":302,"column":75},"skip":true},{"start":{"line":302,"column":79},"end":{"line":302,"column":81},"skip":true}]},"25":{"line":305,"type":"if","locations":[{"start":{"line":305,"column":8},"end":{"line":305,"column":8},"skip":true},{"start":{"line":305,"column":8},"end":{"line":305,"column":8},"skip":true}]},"26":{"line":309,"type":"if","locations":[{"start":{"line":309,"column":8},"end":{"line":309,"column":8},"skip":true},{"start":{"line":309,"column":8},"end":{"line":309,"column":8},"skip":true}]},"27":{"line":312,"type":"binary-expr","locations":[{"start":{"line":312,"column":27},"end":{"line":312,"column":43},"skip":true},{"start":{"line":312,"column":47},"end":{"line":312,"column":53},"skip":true}]},"28":{"line":316,"type":"if","locations":[{"start":{"line":316,"column":12},"end":{"line":316,"column":12},"skip":true},{"start":{"line":316,"column":12},"end":{"line":316,"column":12},"skip":true}]}},"code":["/*","example.js","","quickstart example","","instruction","    1. save this script as example.js","    2. run the shell command:","        $ npm install npmtest-tar-stream && PORT=8081 node example.js","    3. play with the browser-demo on http://127.0.0.1:8081","*/","","","","/* istanbul instrument in package npmtest_tar_stream */","/*jslint","    bitwise: true,","    browser: true,","    maxerr: 8,","    maxlen: 96,","    node: true,","    nomen: true,","    regexp: true,","    stupid: true","*/","(function () {","    'use strict';","    var local;","","","","    // run shared js-env code - pre-init","    (function () {","        // init local","        local = {};","        // init modeJs","        local.modeJs = (function () {","            try {","                return typeof navigator.userAgent === 'string' &&","                    typeof document.querySelector('body') === 'object' &&","                    typeof XMLHttpRequest.prototype.open === 'function' &&","                    'browser';","            } catch (errorCaughtBrowser) {","                return module.exports &&","                    typeof process.versions.node === 'string' &&","                    typeof require('http').createServer === 'function' &&","                    'node';","            }","        }());","        // init global","        local.global = local.modeJs === 'browser'","            ? window","            : global;","        // init utility2_rollup","        local = local.global.utility2_rollup || (local.modeJs === 'browser'","            ? local.global.utility2_npmtest_tar_stream","            : global.utility2_moduleExports);","        // export local","        local.global.local = local;","    }());","    switch (local.modeJs) {","","","","    // post-init","    // run browser js-env code - post-init","    /* istanbul ignore next */","    case 'browser':","        local.testRunBrowser = function (event) {","            if (!event || (event &&","                    event.currentTarget &&","                    event.currentTarget.className &&","                    event.currentTarget.className.includes &&","                    event.currentTarget.className.includes('onreset'))) {","                // reset output","                Array.from(","                    document.querySelectorAll('body > .resettable')","                ).forEach(function (element) {","                    switch (element.tagName) {","                    case 'INPUT':","                    case 'TEXTAREA':","                        element.value = '';","                        break;","                    default:","                        element.textContent = '';","                    }","                });","            }","            switch (event && event.currentTarget && event.currentTarget.id) {","            case 'testRunButton1':","                // show tests","                if (document.querySelector('#testReportDiv1').style.display === 'none') {","                    document.querySelector('#testReportDiv1').style.display = 'block';","                    document.querySelector('#testRunButton1').textContent =","                        'hide internal test';","                    local.modeTest = true;","                    local.testRunDefault(local);","                // hide tests","                } else {","                    document.querySelector('#testReportDiv1').style.display = 'none';","                    document.querySelector('#testRunButton1').textContent = 'run internal test';","                }","                break;","            // custom-case","            default:","                break;","            }","            if (document.querySelector('#inputTextareaEval1') && (!event || (event &&","                    event.currentTarget &&","                    event.currentTarget.className &&","                    event.currentTarget.className.includes &&","                    event.currentTarget.className.includes('oneval')))) {","                // try to eval input-code","                try {","                    /*jslint evil: true*/","                    eval(document.querySelector('#inputTextareaEval1').value);","                } catch (errorCaught) {","                    console.error(errorCaught);","                }","            }","        };","        // log stderr and stdout to #outputTextareaStdout1","        ['error', 'log'].forEach(function (key) {","            console[key + '_original'] = console[key];","            console[key] = function () {","                var element;","                console[key + '_original'].apply(console, arguments);","                element = document.querySelector('#outputTextareaStdout1');","                if (!element) {","                    return;","                }","                // append text to #outputTextareaStdout1","                element.value += Array.from(arguments).map(function (arg) {","                    return typeof arg === 'string'","                        ? arg","                        : JSON.stringify(arg, null, 4);","                }).join(' ') + '\\n';","                // scroll textarea to bottom","                element.scrollTop = element.scrollHeight;","            };","        });","        // init event-handling","        ['change', 'click', 'keyup'].forEach(function (event) {","            Array.from(document.querySelectorAll('.on' + event)).forEach(function (element) {","                element.addEventListener(event, local.testRunBrowser);","            });","        });","        // run tests","        local.testRunBrowser();","        break;","","","","    // run node js-env code - post-init","    /* istanbul ignore next */","    case 'node':","        // export local","        module.exports = local;","        // require modules","        local.fs = require('fs');","        local.http = require('http');","        local.url = require('url');","        // init assets","        local.assetsDict = local.assetsDict || {};","        /* jslint-ignore-begin */","        local.assetsDict['/assets.index.template.html'] = '\\","<!doctype html>\\n\\","<html lang=\"en\">\\n\\","<head>\\n\\","<meta charset=\"UTF-8\">\\n\\","<meta name=\"viewport\" content=\"width=device-width, initial-scale=1\">\\n\\","<title>{{env.npm_package_name}} (v{{env.npm_package_version}})</title>\\n\\","<style>\\n\\","/*csslint\\n\\","    box-sizing: false,\\n\\","    universal-selector: false\\n\\","*/\\n\\","* {\\n\\","    box-sizing: border-box;\\n\\","}\\n\\","body {\\n\\","    background: #dde;\\n\\","    font-family: Arial, Helvetica, sans-serif;\\n\\","    margin: 2rem;\\n\\","}\\n\\","body > * {\\n\\","    margin-bottom: 1rem;\\n\\","}\\n\\",".utility2FooterDiv {\\n\\","    margin-top: 20px;\\n\\","    text-align: center;\\n\\","}\\n\\","</style>\\n\\","<style>\\n\\","/*csslint\\n\\","*/\\n\\","textarea {\\n\\","    font-family: monospace;\\n\\","    height: 10rem;\\n\\","    width: 100%;\\n\\","}\\n\\","textarea[readonly] {\\n\\","    background: #ddd;\\n\\","}\\n\\","</style>\\n\\","</head>\\n\\","<body>\\n\\","<!-- utility2-comment\\n\\","<div id=\"ajaxProgressDiv1\" style=\"background: #d00; height: 2px; left: 0; margin: 0; padding: 0; position: fixed; top: 0; transition: background 0.5s, width 1.5s; width: 25%;\"></div>\\n\\","utility2-comment -->\\n\\","<h1>\\n\\","<!-- utility2-comment\\n\\","    <a\\n\\","        {{#if env.npm_package_homepage}}\\n\\","        href=\"{{env.npm_package_homepage}}\"\\n\\","        {{/if env.npm_package_homepage}}\\n\\","        target=\"_blank\"\\n\\","    >\\n\\","utility2-comment -->\\n\\","        {{env.npm_package_name}} (v{{env.npm_package_version}})\\n\\","<!-- utility2-comment\\n\\","    </a>\\n\\","utility2-comment -->\\n\\","</h1>\\n\\","<h3>{{env.npm_package_description}}</h3>\\n\\","<!-- utility2-comment\\n\\","<h4><a download href=\"assets.app.js\">download standalone app</a></h4>\\n\\","<button class=\"onclick onreset\" id=\"testRunButton1\">run internal test</button><br>\\n\\","<div id=\"testReportDiv1\" style=\"display: none;\"></div>\\n\\","utility2-comment -->\\n\\","\\n\\","\\n\\","\\n\\","<label>stderr and stdout</label>\\n\\","<textarea class=\"resettable\" id=\"outputTextareaStdout1\" readonly></textarea>\\n\\","<!-- utility2-comment\\n\\","{{#if isRollup}}\\n\\","<script src=\"assets.app.js\"></script>\\n\\","{{#unless isRollup}}\\n\\","utility2-comment -->\\n\\","<script src=\"assets.utility2.rollup.js\"></script>\\n\\","<script src=\"jsonp.utility2._stateInit?callback=window.utility2._stateInit\"></script>\\n\\","<script src=\"assets.npmtest_tar_stream.rollup.js\"></script>\\n\\","<script src=\"assets.example.js\"></script>\\n\\","<script src=\"assets.test.js\"></script>\\n\\","<!-- utility2-comment\\n\\","{{/if isRollup}}\\n\\","utility2-comment -->\\n\\","<div class=\"utility2FooterDiv\">\\n\\","    [ this app was created with\\n\\","    <a href=\"https://github.com/kaizhu256/node-utility2\" target=\"_blank\">utility2</a>\\n\\","    ]\\n\\","</div>\\n\\","</body>\\n\\","</html>\\n\\","';","        /* jslint-ignore-end */","        if (local.templateRender) {","            local.assetsDict['/'] = local.templateRender(","                local.assetsDict['/assets.index.template.html'],","                {","                    env: local.objectSetDefault(local.env, {","                        npm_package_description: 'the greatest app in the world!',","                        npm_package_name: 'my-app',","                        npm_package_nameAlias: 'my_app',","                        npm_package_version: '0.0.1'","                    })","                }","            );","        } else {","            local.assetsDict['/'] = local.assetsDict['/assets.index.template.html']","                .replace((/\\{\\{env\\.(\\w+?)\\}\\}/g), function (match0, match1) {","                    // jslint-hack","                    String(match0);","                    switch (match1) {","                    case 'npm_package_description':","                        return 'the greatest app in the world!';","                    case 'npm_package_name':","                        return 'my-app';","                    case 'npm_package_nameAlias':","                        return 'my_app';","                    case 'npm_package_version':","                        return '0.0.1';","                    }","                });","        }","        // run the cli","        if (local.global.utility2_rollup || module !== require.main) {","            break;","        }","        local.assetsDict['/assets.example.js'] =","            local.assetsDict['/assets.example.js'] ||","            local.fs.readFileSync(__filename, 'utf8');","        local.assetsDict['/assets.npmtest_tar_stream.rollup.js'] =","            local.assetsDict['/assets.npmtest_tar_stream.rollup.js'] ||","            local.fs.readFileSync(","                // buildCustomOrg-hack","                local.npmtest_tar_stream.__dirname +","                    '/lib.npmtest_tar_stream.js',","                'utf8'","            ).replace((/^#!/), '//');","        local.assetsDict['/favicon.ico'] = local.assetsDict['/favicon.ico'] || '';","        // if $npm_config_timeout_exit exists,","        // then exit this process after $npm_config_timeout_exit ms","        if (Number(process.env.npm_config_timeout_exit)) {","            setTimeout(process.exit, Number(process.env.npm_config_timeout_exit));","        }","        // start server","        if (local.global.utility2_serverHttp1) {","            break;","        }","        process.env.PORT = process.env.PORT || '8081';","        console.error('server starting on port ' + process.env.PORT);","        local.http.createServer(function (request, response) {","            request.urlParsed = local.url.parse(request.url);","            if (local.assetsDict[request.urlParsed.pathname] !== undefined) {","                response.end(local.assetsDict[request.urlParsed.pathname]);","                return;","            }","            response.statusCode = 404;","            response.end();","        }).listen(process.env.PORT);","        break;","    }","}());",""],"l":{"26":2,"28":2,"33":2,"35":2,"37":2,"38":2,"39":2,"44":1,"51":2,"55":2,"59":2,"61":2,"69":1,"70":2,"76":2,"79":2,"82":2,"83":2,"85":1,"89":2,"92":1,"93":1,"94":1,"96":1,"97":1,"100":1,"101":1,"103":1,"106":1,"108":2,"114":1,"116":1,"118":1,"123":1,"124":2,"125":2,"126":2,"127":2,"128":2,"129":2,"130":1,"133":2,"134":2,"139":2,"143":1,"144":3,"145":1,"149":1,"150":1,"158":1,"160":1,"161":1,"162":1,"164":1,"166":1,"258":1,"259":1,"271":1,"274":6,"275":6,"277":1,"279":2,"281":1,"283":2,"288":1,"289":1,"291":1,"294":1,"302":1,"305":1,"306":1,"309":1,"310":1,"312":1,"313":1,"314":1,"315":1,"316":1,"317":1,"318":1,"320":1,"321":1,"323":1}},"/home/travis/build/npmtest/node-npmtest-tar-stream/node_modules/tar-stream/index.js":{"path":"/home/travis/build/npmtest/node-npmtest-tar-stream/node_modules/tar-stream/index.js","s":{"1":1,"2":1},"b":{},"f":{},"fnMap":{},"statementMap":{"1":{"start":{"line":1,"column":0},"end":{"line":1,"column":38}},"2":{"start":{"line":2,"column":0},"end":{"line":2,"column":32}}},"branchMap":{},"code":["exports.extract = require('./extract')","exports.pack = require('./pack')",""],"l":{"1":1,"2":1}},"/home/travis/build/npmtest/node-npmtest-tar-stream/node_modules/tar-stream/extract.js":{"path":"/home/travis/build/npmtest/node-npmtest-tar-stream/node_modules/tar-stream/extract.js","s":{"1":1,"2":1,"3":1,"4":1,"5":1,"6":1,"7":1,"8":1,"9":0,"10":0,"11":1,"12":0,"13":0,"14":0,"15":1,"16":0,"17":0,"18":0,"19":0,"20":0,"21":0,"22":1,"23":0,"24":0,"25":0,"26":1,"27":1,"28":0,"29":1,"30":0,"31":0,"32":0,"33":0,"34":0,"35":0,"36":0,"37":0,"38":0,"39":0,"40":0,"41":0,"42":0,"43":0,"44":0,"45":0,"46":0,"47":0,"48":0,"49":0,"50":0,"51":0,"52":0,"53":0,"54":0,"55":0,"56":0,"57":0,"58":0,"59":0,"60":0,"61":0,"62":0,"63":0,"64":0,"65":0,"66":0,"67":0,"68":0,"69":0,"70":0,"71":0,"72":0,"73":0,"74":0,"75":0,"76":0,"77":0,"78":0,"79":0,"80":0,"81":0,"82":0,"83":0,"84":0,"85":0,"86":0,"87":0,"88":0,"89":0,"90":0,"91":0,"92":0,"93":0,"94":0,"95":0,"96":0,"97":0,"98":0,"99":0,"100":0,"101":0,"102":0,"103":0,"104":0,"105":0,"106":0,"107":0,"108":0,"109":0,"110":0,"111":0,"112":0,"113":0,"114":0,"115":0,"116":0,"117":0,"118":0,"119":0,"120":0,"121":0,"122":0,"123":0,"124":0,"125":0,"126":0,"127":0,"128":0,"129":0,"130":0,"131":0,"132":0,"133":0,"134":0,"135":0,"136":0,"137":1,"138":1,"139":0,"140":0,"141":0,"142":0,"143":0,"144":0,"145":0,"146":0,"147":1,"148":0,"149":0,"150":0,"151":0,"152":0,"153":1,"154":0,"155":0,"156":0,"157":0,"158":0,"159":0,"160":0,"161":1,"162":0,"163":0,"164":0,"165":0,"166":0,"167":0,"168":0,"169":0,"170":0,"171":0,"172":0,"173":0,"174":0,"175":0,"176":0,"177":0,"178":0,"179":0,"180":0,"181":0,"182":0,"183":0,"184":0,"185":1},"b":{"1":[0,0],"2":[0,0],"3":[0,0],"4":[0,0],"5":[0,0],"6":[0,0],"7":[0,0],"8":[0,0],"9":[0,0],"10":[0,0],"11":[0,0],"12":[0,0],"13":[0,0],"14":[0,0],"15":[0,0],"16":[0,0],"17":[0,0],"18":[0,0],"19":[0,0],"20":[0,0],"21":[0,0],"22":[0,0],"23":[0,0],"24":[0,0],"25":[0,0],"26":[0,0],"27":[0,0],"28":[0,0],"29":[0,0]},"f":{"1":0,"2":0,"3":0,"4":0,"5":0,"6":0,"7":0,"8":0,"9":0,"10":0,"11":0,"12":0,"13":0,"14":0,"15":0,"16":0,"17":0,"18":0,"19":0,"20":0},"fnMap":{"1":{"name":"(anonymous_1)","line":9,"loc":{"start":{"line":9,"column":11},"end":{"line":9,"column":23}}},"2":{"name":"(anonymous_2)","line":11,"loc":{"start":{"line":11,"column":15},"end":{"line":11,"column":31}}},"3":{"name":"(anonymous_3)","line":16,"loc":{"start":{"line":16,"column":18},"end":{"line":16,"column":42}}},"4":{"name":"(anonymous_4)","line":22,"loc":{"start":{"line":22,"column":15},"end":{"line":22,"column":38}}},"5":{"name":"(anonymous_5)","line":29,"loc":{"start":{"line":29,"column":13},"end":{"line":29,"column":37}}},"6":{"name":"(anonymous_6)","line":37,"loc":{"start":{"line":37,"column":27},"end":{"line":37,"column":42}}},"7":{"name":"(anonymous_7)","line":41,"loc":{"start":{"line":41,"column":14},"end":{"line":41,"column":30}}},"8":{"name":"(anonymous_8)","line":63,"loc":{"start":{"line":63,"column":19},"end":{"line":63,"column":31}}},"9":{"name":"(anonymous_9)","line":67,"loc":{"start":{"line":67,"column":17},"end":{"line":67,"column":32}}},"10":{"name":"(anonymous_10)","line":73,"loc":{"start":{"line":73,"column":20},"end":{"line":73,"column":32}}},"11":{"name":"(anonymous_11)","line":81,"loc":{"start":{"line":81,"column":16},"end":{"line":81,"column":28}}},"12":{"name":"(anonymous_12)","line":87,"loc":{"start":{"line":87,"column":26},"end":{"line":87,"column":38}}},"13":{"name":"(anonymous_13)","line":94,"loc":{"start":{"line":94,"column":20},"end":{"line":94,"column":32}}},"14":{"name":"(anonymous_14)","line":102,"loc":{"start":{"line":102,"column":22},"end":{"line":102,"column":34}}},"15":{"name":"(anonymous_15)","line":109,"loc":{"start":{"line":109,"column":26},"end":{"line":109,"column":38}}},"16":{"name":"(anonymous_16)","line":116,"loc":{"start":{"line":116,"column":17},"end":{"line":116,"column":29}}},"17":{"name":"(anonymous_17)","line":187,"loc":{"start":{"line":187,"column":28},"end":{"line":187,"column":43}}},"18":{"name":"(anonymous_18)","line":196,"loc":{"start":{"line":196,"column":27},"end":{"line":196,"column":52}}},"19":{"name":"(anonymous_19)","line":203,"loc":{"start":{"line":203,"column":30},"end":{"line":203,"column":42}}},"20":{"name":"(anonymous_20)","line":211,"loc":{"start":{"line":211,"column":27},"end":{"line":211,"column":52}}}},"statementMap":{"1":{"start":{"line":1,"column":0},"end":{"line":1,"column":26}},"2":{"start":{"line":2,"column":0},"end":{"line":2,"column":22}},"3":{"start":{"line":3,"column":0},"end":{"line":3,"column":28}},"4":{"start":{"line":4,"column":0},"end":{"line":4,"column":34}},"5":{"start":{"line":6,"column":0},"end":{"line":6,"column":50}},"6":{"start":{"line":7,"column":0},"end":{"line":7,"column":56}},"7":{"start":{"line":9,"column":0},"end":{"line":9,"column":25}},"8":{"start":{"line":11,"column":0},"end":{"line":14,"column":1}},"9":{"start":{"line":12,"column":2},"end":{"line":12,"column":13}},"10":{"start":{"line":13,"column":2},"end":{"line":13,"column":27}},"11":{"start":{"line":16,"column":0},"end":{"line":20,"column":1}},"12":{"start":{"line":17,"column":2},"end":{"line":17,"column":34}},"13":{"start":{"line":18,"column":2},"end":{"line":18,"column":9}},"14":{"start":{"line":19,"column":2},"end":{"line":19,"column":10}},"15":{"start":{"line":22,"column":0},"end":{"line":27,"column":1}},"16":{"start":{"line":23,"column":2},"end":{"line":23,"column":38}},"17":{"start":{"line":23,"column":16},"end":{"line":23,"column":38}},"18":{"start":{"line":24,"column":2},"end":{"line":24,"column":50}},"19":{"start":{"line":24,"column":20},"end":{"line":24,"column":50}},"20":{"start":{"line":25,"column":2},"end":{"line":25,"column":18}},"21":{"start":{"line":26,"column":2},"end":{"line":26,"column":15}},"22":{"start":{"line":29,"column":0},"end":{"line":33,"column":1}},"23":{"start":{"line":30,"column":2},"end":{"line":30,"column":21}},"24":{"start":{"line":31,"column":2},"end":{"line":31,"column":22}},"25":{"start":{"line":32,"column":2},"end":{"line":32,"column":24}},"26":{"start":{"line":35,"column":0},"end":{"line":35,"column":34}},"27":{"start":{"line":37,"column":0},"end":{"line":39,"column":1}},"28":{"start":{"line":38,"column":2},"end":{"line":38,"column":27}},"29":{"start":{"line":41,"column":0},"end":{"line":183,"column":1}},"30":{"start":{"line":42,"column":2},"end":{"line":42,"column":58}},"31":{"start":{"line":42,"column":34},"end":{"line":42,"column":58}},"32":{"start":{"line":43,"column":2},"end":{"line":43,"column":27}},"33":{"start":{"line":45,"column":2},"end":{"line":45,"column":18}},"34":{"start":{"line":46,"column":2},"end":{"line":46,"column":21}},"35":{"start":{"line":47,"column":2},"end":{"line":47,"column":19}},"36":{"start":{"line":48,"column":2},"end":{"line":48,"column":22}},"37":{"start":{"line":49,"column":2},"end":{"line":49,"column":21}},"38":{"start":{"line":50,"column":2},"end":{"line":50,"column":21}},"39":{"start":{"line":51,"column":2},"end":{"line":51,"column":23}},"40":{"start":{"line":52,"column":2},"end":{"line":52,"column":17}},"41":{"start":{"line":53,"column":2},"end":{"line":53,"column":22}},"42":{"start":{"line":54,"column":2},"end":{"line":54,"column":25}},"43":{"start":{"line":55,"column":2},"end":{"line":55,"column":18}},"44":{"start":{"line":56,"column":2},"end":{"line":56,"column":24}},"45":{"start":{"line":57,"column":2},"end":{"line":57,"column":26}},"46":{"start":{"line":58,"column":2},"end":{"line":58,"column":30}},"47":{"start":{"line":60,"column":2},"end":{"line":60,"column":17}},"48":{"start":{"line":61,"column":2},"end":{"line":61,"column":22}},"49":{"start":{"line":63,"column":2},"end":{"line":65,"column":3}},"50":{"start":{"line":64,"column":4},"end":{"line":64,"column":20}},"51":{"start":{"line":67,"column":2},"end":{"line":71,"column":3}},"52":{"start":{"line":68,"column":4},"end":{"line":68,"column":24}},"53":{"start":{"line":69,"column":4},"end":{"line":69,"column":37}},"54":{"start":{"line":69,"column":13},"end":{"line":69,"column":37}},"55":{"start":{"line":70,"column":4},"end":{"line":70,"column":35}},"56":{"start":{"line":70,"column":23},"end":{"line":70,"column":35}},"57":{"start":{"line":73,"column":2},"end":{"line":79,"column":3}},"58":{"start":{"line":74,"column":4},"end":{"line":74,"column":23}},"59":{"start":{"line":75,"column":4},"end":{"line":75,"column":43}},"60":{"start":{"line":76,"column":4},"end":{"line":77,"column":35}},"61":{"start":{"line":76,"column":15},"end":{"line":76,"column":42}},"62":{"start":{"line":77,"column":9},"end":{"line":77,"column":35}},"63":{"start":{"line":78,"column":4},"end":{"line":78,"column":35}},"64":{"start":{"line":78,"column":23},"end":{"line":78,"column":35}},"65":{"start":{"line":81,"column":2},"end":{"line":85,"column":3}},"66":{"start":{"line":82,"column":4},"end":{"line":82,"column":53}},"67":{"start":{"line":83,"column":4},"end":{"line":83,"column":30}},"68":{"start":{"line":84,"column":4},"end":{"line":84,"column":16}},"69":{"start":{"line":87,"column":2},"end":{"line":92,"column":3}},"70":{"start":{"line":88,"column":4},"end":{"line":88,"column":32}},"71":{"start":{"line":89,"column":4},"end":{"line":89,"column":57}},"72":{"start":{"line":90,"column":4},"end":{"line":90,"column":19}},"73":{"start":{"line":91,"column":4},"end":{"line":91,"column":17}},"74":{"start":{"line":94,"column":2},"end":{"line":100,"column":3}},"75":{"start":{"line":95,"column":4},"end":{"line":95,"column":32}},"76":{"start":{"line":96,"column":4},"end":{"line":96,"column":51}},"77":{"start":{"line":97,"column":4},"end":{"line":97,"column":70}},"78":{"start":{"line":97,"column":25},"end":{"line":97,"column":70}},"79":{"start":{"line":98,"column":4},"end":{"line":98,"column":19}},"80":{"start":{"line":99,"column":4},"end":{"line":99,"column":17}},"81":{"start":{"line":102,"column":2},"end":{"line":107,"column":3}},"82":{"start":{"line":103,"column":4},"end":{"line":103,"column":32}},"83":{"start":{"line":104,"column":4},"end":{"line":104,"column":64}},"84":{"start":{"line":105,"column":4},"end":{"line":105,"column":19}},"85":{"start":{"line":106,"column":4},"end":{"line":106,"column":17}},"86":{"start":{"line":109,"column":2},"end":{"line":114,"column":3}},"87":{"start":{"line":110,"column":4},"end":{"line":110,"column":32}},"88":{"start":{"line":111,"column":4},"end":{"line":111,"column":68}},"89":{"start":{"line":112,"column":4},"end":{"line":112,"column":19}},"90":{"start":{"line":113,"column":4},"end":{"line":113,"column":17}},"91":{"start":{"line":116,"column":2},"end":{"line":180,"column":3}},"92":{"start":{"line":117,"column":4},"end":{"line":117,"column":29}},"93":{"start":{"line":118,"column":4},"end":{"line":118,"column":14}},"94":{"start":{"line":119,"column":4},"end":{"line":123,"column":5}},"95":{"start":{"line":120,"column":6},"end":{"line":120,"column":61}},"96":{"start":{"line":122,"column":6},"end":{"line":122,"column":29}},"97":{"start":{"line":124,"column":4},"end":{"line":124,"column":18}},"98":{"start":{"line":126,"column":4},"end":{"line":130,"column":5}},"99":{"start":{"line":127,"column":6},"end":{"line":127,"column":32}},"100":{"start":{"line":128,"column":6},"end":{"line":128,"column":18}},"101":{"start":{"line":129,"column":6},"end":{"line":129,"column":12}},"102":{"start":{"line":131,"column":4},"end":{"line":135,"column":5}},"103":{"start":{"line":132,"column":6},"end":{"line":132,"column":45}},"104":{"start":{"line":133,"column":6},"end":{"line":133,"column":18}},"105":{"start":{"line":134,"column":6},"end":{"line":134,"column":12}},"106":{"start":{"line":136,"column":4},"end":{"line":140,"column":5}},"107":{"start":{"line":137,"column":6},"end":{"line":137,"column":49}},"108":{"start":{"line":138,"column":6},"end":{"line":138,"column":18}},"109":{"start":{"line":139,"column":6},"end":{"line":139,"column":12}},"110":{"start":{"line":141,"column":4},"end":{"line":145,"column":5}},"111":{"start":{"line":142,"column":6},"end":{"line":142,"column":49}},"112":{"start":{"line":143,"column":6},"end":{"line":143,"column":18}},"113":{"start":{"line":144,"column":6},"end":{"line":144,"column":12}},"114":{"start":{"line":146,"column":4},"end":{"line":150,"column":5}},"115":{"start":{"line":147,"column":6},"end":{"line":147,"column":43}},"116":{"start":{"line":148,"column":6},"end":{"line":148,"column":18}},"117":{"start":{"line":149,"column":6},"end":{"line":149,"column":12}},"118":{"start":{"line":152,"column":4},"end":{"line":155,"column":5}},"119":{"start":{"line":153,"column":6},"end":{"line":153,"column":37}},"120":{"start":{"line":154,"column":6},"end":{"line":154,"column":30}},"121":{"start":{"line":157,"column":4},"end":{"line":160,"column":5}},"122":{"start":{"line":158,"column":6},"end":{"line":158,"column":45}},"123":{"start":{"line":159,"column":6},"end":{"line":159,"column":34}},"124":{"start":{"line":162,"column":4},"end":{"line":165,"column":5}},"125":{"start":{"line":163,"column":6},"end":{"line":163,"column":57}},"126":{"start":{"line":164,"column":6},"end":{"line":164,"column":22}},"127":{"start":{"line":167,"column":4},"end":{"line":167,"column":23}},"128":{"start":{"line":169,"column":4},"end":{"line":173,"column":5}},"129":{"start":{"line":170,"column":6},"end":{"line":170,"column":32}},"130":{"start":{"line":171,"column":6},"end":{"line":171,"column":69}},"131":{"start":{"line":172,"column":6},"end":{"line":172,"column":12}},"132":{"start":{"line":175,"column":4},"end":{"line":175,"column":43}},"133":{"start":{"line":177,"column":4},"end":{"line":177,"column":54}},"134":{"start":{"line":178,"column":4},"end":{"line":178,"column":41}},"135":{"start":{"line":179,"column":4},"end":{"line":179,"column":16}},"136":{"start":{"line":182,"column":2},"end":{"line":182,"column":28}},"137":{"start":{"line":185,"column":0},"end":{"line":185,"column":32}},"138":{"start":{"line":187,"column":0},"end":{"line":194,"column":1}},"139":{"start":{"line":188,"column":2},"end":{"line":188,"column":29}},"140":{"start":{"line":188,"column":23},"end":{"line":188,"column":29}},"141":{"start":{"line":189,"column":2},"end":{"line":189,"column":24}},"142":{"start":{"line":191,"column":2},"end":{"line":191,"column":34}},"143":{"start":{"line":191,"column":11},"end":{"line":191,"column":34}},"144":{"start":{"line":192,"column":2},"end":{"line":192,"column":20}},"145":{"start":{"line":193,"column":2},"end":{"line":193,"column":46}},"146":{"start":{"line":193,"column":20},"end":{"line":193,"column":46}},"147":{"start":{"line":196,"column":0},"end":{"line":201,"column":1}},"148":{"start":{"line":197,"column":2},"end":{"line":197,"column":29}},"149":{"start":{"line":197,"column":23},"end":{"line":197,"column":29}},"150":{"start":{"line":198,"column":2},"end":{"line":198,"column":22}},"151":{"start":{"line":199,"column":2},"end":{"line":199,"column":22}},"152":{"start":{"line":200,"column":2},"end":{"line":200,"column":25}},"153":{"start":{"line":203,"column":0},"end":{"line":209,"column":1}},"154":{"start":{"line":204,"column":2},"end":{"line":204,"column":29}},"155":{"start":{"line":204,"column":23},"end":{"line":204,"column":29}},"156":{"start":{"line":205,"column":2},"end":{"line":205,"column":19}},"157":{"start":{"line":206,"column":2},"end":{"line":206,"column":17}},"158":{"start":{"line":207,"column":2},"end":{"line":208,"column":11}},"159":{"start":{"line":207,"column":22},"end":{"line":207,"column":64}},"160":{"start":{"line":208,"column":7},"end":{"line":208,"column":11}},"161":{"start":{"line":211,"column":0},"end":{"line":244,"column":1}},"162":{"start":{"line":212,"column":2},"end":{"line":212,"column":29}},"163":{"start":{"line":212,"column":23},"end":{"line":212,"column":29}},"164":{"start":{"line":214,"column":2},"end":{"line":214,"column":22}},"165":{"start":{"line":215,"column":2},"end":{"line":215,"column":22}},"166":{"start":{"line":216,"column":2},"end":{"line":216,"column":29}},"167":{"start":{"line":220,"column":2},"end":{"line":226,"column":3}},"168":{"start":{"line":221,"column":4},"end":{"line":221,"column":32}},"169":{"start":{"line":222,"column":4},"end":{"line":222,"column":25}},"170":{"start":{"line":223,"column":4},"end":{"line":223,"column":35}},"171":{"start":{"line":223,"column":11},"end":{"line":223,"column":35}},"172":{"start":{"line":224,"column":4},"end":{"line":224,"column":18}},"173":{"start":{"line":225,"column":4},"end":{"line":225,"column":15}},"174":{"start":{"line":230,"column":2},"end":{"line":230,"column":15}},"175":{"start":{"line":231,"column":2},"end":{"line":231,"column":19}},"176":{"start":{"line":233,"column":2},"end":{"line":233,"column":21}},"177":{"start":{"line":234,"column":2},"end":{"line":237,"column":3}},"178":{"start":{"line":235,"column":4},"end":{"line":235,"column":34}},"179":{"start":{"line":236,"column":4},"end":{"line":236,"column":33}},"180":{"start":{"line":239,"column":2},"end":{"line":240,"column":21}},"181":{"start":{"line":239,"column":9},"end":{"line":239,"column":20}},"182":{"start":{"line":240,"column":7},"end":{"line":240,"column":21}},"183":{"start":{"line":242,"column":2},"end":{"line":242,"column":27}},"184":{"start":{"line":243,"column":2},"end":{"line":243,"column":17}},"185":{"start":{"line":246,"column":0},"end":{"line":246,"column":24}}},"branchMap":{"1":{"line":13,"type":"binary-expr","locations":[{"start":{"line":13,"column":9},"end":{"line":13,"column":13}},{"start":{"line":13,"column":17},"end":{"line":13,"column":27}}]},"2":{"line":23,"type":"if","locations":[{"start":{"line":23,"column":2},"end":{"line":23,"column":2}},{"start":{"line":23,"column":2},"end":{"line":23,"column":2}}]},"3":{"line":24,"type":"if","locations":[{"start":{"line":24,"column":2},"end":{"line":24,"column":2}},{"start":{"line":24,"column":2},"end":{"line":24,"column":2}}]},"4":{"line":42,"type":"if","locations":[{"start":{"line":42,"column":2},"end":{"line":42,"column":2}},{"start":{"line":42,"column":2},"end":{"line":42,"column":2}}]},"5":{"line":69,"type":"if","locations":[{"start":{"line":69,"column":4},"end":{"line":69,"column":4}},{"start":{"line":69,"column":4},"end":{"line":69,"column":4}}]},"6":{"line":70,"type":"if","locations":[{"start":{"line":70,"column":4},"end":{"line":70,"column":4}},{"start":{"line":70,"column":4},"end":{"line":70,"column":4}}]},"7":{"line":76,"type":"if","locations":[{"start":{"line":76,"column":4},"end":{"line":76,"column":4}},{"start":{"line":76,"column":4},"end":{"line":76,"column":4}}]},"8":{"line":78,"type":"if","locations":[{"start":{"line":78,"column":4},"end":{"line":78,"column":4}},{"start":{"line":78,"column":4},"end":{"line":78,"column":4}}]},"9":{"line":97,"type":"if","locations":[{"start":{"line":97,"column":4},"end":{"line":97,"column":4}},{"start":{"line":97,"column":4},"end":{"line":97,"column":4}}]},"10":{"line":126,"type":"if","locations":[{"start":{"line":126,"column":4},"end":{"line":126,"column":4}},{"start":{"line":126,"column":4},"end":{"line":126,"column":4}}]},"11":{"line":131,"type":"if","locations":[{"start":{"line":131,"column":4},"end":{"line":131,"column":4}},{"start":{"line":131,"column":4},"end":{"line":131,"column":4}}]},"12":{"line":136,"type":"if","locations":[{"start":{"line":136,"column":4},"end":{"line":136,"column":4}},{"start":{"line":136,"column":4},"end":{"line":136,"column":4}}]},"13":{"line":141,"type":"if","locations":[{"start":{"line":141,"column":4},"end":{"line":141,"column":4}},{"start":{"line":141,"column":4},"end":{"line":141,"column":4}}]},"14":{"line":146,"type":"if","locations":[{"start":{"line":146,"column":4},"end":{"line":146,"column":4}},{"start":{"line":146,"column":4},"end":{"line":146,"column":4}}]},"15":{"line":152,"type":"if","locations":[{"start":{"line":152,"column":4},"end":{"line":152,"column":4}},{"start":{"line":152,"column":4},"end":{"line":152,"column":4}}]},"16":{"line":157,"type":"if","locations":[{"start":{"line":157,"column":4},"end":{"line":157,"column":4}},{"start":{"line":157,"column":4},"end":{"line":157,"column":4}}]},"17":{"line":162,"type":"if","locations":[{"start":{"line":162,"column":4},"end":{"line":162,"column":4}},{"start":{"line":162,"column":4},"end":{"line":162,"column":4}}]},"18":{"line":169,"type":"if","locations":[{"start":{"line":169,"column":4},"end":{"line":169,"column":4}},{"start":{"line":169,"column":4},"end":{"line":169,"column":4}}]},"19":{"line":188,"type":"if","locations":[{"start":{"line":188,"column":2},"end":{"line":188,"column":2}},{"start":{"line":188,"column":2},"end":{"line":188,"column":2}}]},"20":{"line":191,"type":"if","locations":[{"start":{"line":191,"column":2},"end":{"line":191,"column":2}},{"start":{"line":191,"column":2},"end":{"line":191,"column":2}}]},"21":{"line":193,"type":"if","locations":[{"start":{"line":193,"column":2},"end":{"line":193,"column":2}},{"start":{"line":193,"column":2},"end":{"line":193,"column":2}}]},"22":{"line":197,"type":"if","locations":[{"start":{"line":197,"column":2},"end":{"line":197,"column":2}},{"start":{"line":197,"column":2},"end":{"line":197,"column":2}}]},"23":{"line":204,"type":"if","locations":[{"start":{"line":204,"column":2},"end":{"line":204,"column":2}},{"start":{"line":204,"column":2},"end":{"line":204,"column":2}}]},"24":{"line":207,"type":"if","locations":[{"start":{"line":207,"column":2},"end":{"line":207,"column":2}},{"start":{"line":207,"column":2},"end":{"line":207,"column":2}}]},"25":{"line":212,"type":"if","locations":[{"start":{"line":212,"column":2},"end":{"line":212,"column":2}},{"start":{"line":212,"column":2},"end":{"line":212,"column":2}}]},"26":{"line":220,"type":"if","locations":[{"start":{"line":220,"column":2},"end":{"line":220,"column":2}},{"start":{"line":220,"column":2},"end":{"line":220,"column":2}}]},"27":{"line":223,"type":"if","locations":[{"start":{"line":223,"column":4},"end":{"line":223,"column":4}},{"start":{"line":223,"column":4},"end":{"line":223,"column":4}}]},"28":{"line":234,"type":"if","locations":[{"start":{"line":234,"column":2},"end":{"line":234,"column":2}},{"start":{"line":234,"column":2},"end":{"line":234,"column":2}}]},"29":{"line":239,"type":"if","locations":[{"start":{"line":239,"column":2},"end":{"line":239,"column":2}},{"start":{"line":239,"column":2},"end":{"line":239,"column":2}}]}},"code":["var util = require('util')","var bl = require('bl')","var xtend = require('xtend')","var headers = require('./headers')","","var Writable = require('readable-stream').Writable","var PassThrough = require('readable-stream').PassThrough","","var noop = function () {}","","var overflow = function (size) {","  size &= 511","  return size && 512 - size","}","","var emptyStream = function (self, offset) {","  var s = new Source(self, offset)","  s.end()","  return s","}","","var mixinPax = function (header, pax) {","  if (pax.path) header.name = pax.path","  if (pax.linkpath) header.linkname = pax.linkpath","  header.pax = pax","  return header","}","","var Source = function (self, offset) {","  this._parent = self","  this.offset = offset","  PassThrough.call(this)","}","","util.inherits(Source, PassThrough)","","Source.prototype.destroy = function (err) {","  this._parent.destroy(err)","}","","var Extract = function (opts) {","  if (!(this instanceof Extract)) return new Extract(opts)","  Writable.call(this, opts)","","  this._offset = 0","  this._buffer = bl()","  this._missing = 0","  this._onparse = noop","  this._header = null","  this._stream = null","  this._overflow = null","  this._cb = null","  this._locked = false","  this._destroyed = false","  this._pax = null","  this._paxGlobal = null","  this._gnuLongPath = null","  this._gnuLongLinkPath = null","","  var self = this","  var b = self._buffer","","  var oncontinue = function () {","    self._continue()","  }","","  var onunlock = function (err) {","    self._locked = false","    if (err) return self.destroy(err)","    if (!self._stream) oncontinue()","  }","","  var onstreamend = function () {","    self._stream = null","    var drain = overflow(self._header.size)","    if (drain) self._parse(drain, ondrain)","    else self._parse(512, onheader)","    if (!self._locked) oncontinue()","  }","","  var ondrain = function () {","    self._buffer.consume(overflow(self._header.size))","    self._parse(512, onheader)","    oncontinue()","  }","","  var onpaxglobalheader = function () {","    var size = self._header.size","    self._paxGlobal = headers.decodePax(b.slice(0, size))","    b.consume(size)","    onstreamend()","  }","","  var onpaxheader = function () {","    var size = self._header.size","    self._pax = headers.decodePax(b.slice(0, size))","    if (self._paxGlobal) self._pax = xtend(self._paxGlobal, self._pax)","    b.consume(size)","    onstreamend()","  }","","  var ongnulongpath = function () {","    var size = self._header.size","    this._gnuLongPath = headers.decodeLongPath(b.slice(0, size))","    b.consume(size)","    onstreamend()","  }","","  var ongnulonglinkpath = function () {","    var size = self._header.size","    this._gnuLongLinkPath = headers.decodeLongPath(b.slice(0, size))","    b.consume(size)","    onstreamend()","  }","","  var onheader = function () {","    var offset = self._offset","    var header","    try {","      header = self._header = headers.decode(b.slice(0, 512))","    } catch (err) {","      self.emit('error', err)","    }","    b.consume(512)","","    if (!header) {","      self._parse(512, onheader)","      oncontinue()","      return","    }","    if (header.type === 'gnu-long-path') {","      self._parse(header.size, ongnulongpath)","      oncontinue()","      return","    }","    if (header.type === 'gnu-long-link-path') {","      self._parse(header.size, ongnulonglinkpath)","      oncontinue()","      return","    }","    if (header.type === 'pax-global-header') {","      self._parse(header.size, onpaxglobalheader)","      oncontinue()","      return","    }","    if (header.type === 'pax-header') {","      self._parse(header.size, onpaxheader)","      oncontinue()","      return","    }","","    if (self._gnuLongPath) {","      header.name = self._gnuLongPath","      self._gnuLongPath = null","    }","","    if (self._gnuLongLinkPath) {","      header.linkname = self._gnuLongLinkPath","      self._gnuLongLinkPath = null","    }","","    if (self._pax) {","      self._header = header = mixinPax(header, self._pax)","      self._pax = null","    }","","    self._locked = true","","    if (!header.size) {","      self._parse(512, onheader)","      self.emit('entry', header, emptyStream(self, offset), onunlock)","      return","    }","","    self._stream = new Source(self, offset)","","    self.emit('entry', header, self._stream, onunlock)","    self._parse(header.size, onstreamend)","    oncontinue()","  }","","  this._parse(512, onheader)","}","","util.inherits(Extract, Writable)","","Extract.prototype.destroy = function (err) {","  if (this._destroyed) return","  this._destroyed = true","","  if (err) this.emit('error', err)","  this.emit('close')","  if (this._stream) this._stream.emit('close')","}","","Extract.prototype._parse = function (size, onparse) {","  if (this._destroyed) return","  this._offset += size","  this._missing = size","  this._onparse = onparse","}","","Extract.prototype._continue = function () {","  if (this._destroyed) return","  var cb = this._cb","  this._cb = noop","  if (this._overflow) this._write(this._overflow, undefined, cb)","  else cb()","}","","Extract.prototype._write = function (data, enc, cb) {","  if (this._destroyed) return","","  var s = this._stream","  var b = this._buffer","  var missing = this._missing","","  // we do not reach end-of-chunk now. just forward it","","  if (data.length < missing) {","    this._missing -= data.length","    this._overflow = null","    if (s) return s.write(data, cb)","    b.append(data)","    return cb()","  }","","  // end-of-chunk. the parser should call cb.","","  this._cb = cb","  this._missing = 0","","  var overflow = null","  if (data.length > missing) {","    overflow = data.slice(missing)","    data = data.slice(0, missing)","  }","","  if (s) s.end(data)","  else b.append(data)","","  this._overflow = overflow","  this._onparse()","}","","module.exports = Extract",""],"l":{"1":1,"2":1,"3":1,"4":1,"6":1,"7":1,"9":1,"11":1,"12":0,"13":0,"16":1,"17":0,"18":0,"19":0,"22":1,"23":0,"24":0,"25":0,"26":0,"29":1,"30":0,"31":0,"32":0,"35":1,"37":1,"38":0,"41":1,"42":0,"43":0,"45":0,"46":0,"47":0,"48":0,"49":0,"50":0,"51":0,"52":0,"53":0,"54":0,"55":0,"56":0,"57":0,"58":0,"60":0,"61":0,"63":0,"64":0,"67":0,"68":0,"69":0,"70":0,"73":0,"74":0,"75":0,"76":0,"77":0,"78":0,"81":0,"82":0,"83":0,"84":0,"87":0,"88":0,"89":0,"90":0,"91":0,"94":0,"95":0,"96":0,"97":0,"98":0,"99":0,"102":0,"103":0,"104":0,"105":0,"106":0,"109":0,"110":0,"111":0,"112":0,"113":0,"116":0,"117":0,"118":0,"119":0,"120":0,"122":0,"124":0,"126":0,"127":0,"128":0,"129":0,"131":0,"132":0,"133":0,"134":0,"136":0,"137":0,"138":0,"139":0,"141":0,"142":0,"143":0,"144":0,"146":0,"147":0,"148":0,"149":0,"152":0,"153":0,"154":0,"157":0,"158":0,"159":0,"162":0,"163":0,"164":0,"167":0,"169":0,"170":0,"171":0,"172":0,"175":0,"177":0,"178":0,"179":0,"182":0,"185":1,"187":1,"188":0,"189":0,"191":0,"192":0,"193":0,"196":1,"197":0,"198":0,"199":0,"200":0,"203":1,"204":0,"205":0,"206":0,"207":0,"208":0,"211":1,"212":0,"214":0,"215":0,"216":0,"220":0,"221":0,"222":0,"223":0,"224":0,"225":0,"230":0,"231":0,"233":0,"234":0,"235":0,"236":0,"239":0,"240":0,"242":0,"243":0,"246":1}},"/home/travis/build/npmtest/node-npmtest-tar-stream/node_modules/tar-stream/headers.js":{"path":"/home/travis/build/npmtest/node-npmtest-tar-stream/node_modules/tar-stream/headers.js","s":{"1":1,"2":1,"3":1,"4":1,"5":1,"6":0,"7":0,"8":0,"9":0,"10":0,"11":0,"12":0,"13":0,"14":0,"15":0,"16":0,"17":1,"18":0,"19":0,"20":0,"21":0,"22":0,"23":0,"24":0,"25":0,"26":0,"27":0,"28":0,"29":0,"30":0,"31":0,"32":1,"33":0,"34":0,"35":0,"36":0,"37":0,"38":0,"39":0,"40":0,"41":0,"42":0,"43":0,"44":1,"45":0,"46":0,"47":0,"48":1,"49":0,"50":0,"51":0,"52":0,"53":1,"54":0,"55":0,"56":0,"57":0,"58":0,"59":0,"60":1,"61":0,"62":0,"63":1,"64":0,"65":0,"66":0,"67":0,"68":0,"69":0,"70":0,"71":0,"72":0,"73":0,"74":0,"75":0,"76":0,"77":0,"78":0,"79":0,"80":0,"81":0,"82":0,"83":0,"84":0,"85":0,"86":0,"87":1,"88":0,"89":0,"90":0,"91":0,"92":0,"93":0,"94":0,"95":0,"96":0,"97":0,"98":1,"99":0,"100":1,"101":0,"102":0,"103":0,"104":0,"105":0,"106":1,"107":0,"108":1,"109":0,"110":0,"111":0,"112":0,"113":0,"114":0,"115":0,
[...]
19},"end":{"line":123,"column":33}},"95":{"start":{"line":124,"column":2},"end":{"line":124,"column":33}},"96":{"start":{"line":124,"column":19},"end":{"line":124,"column":33}},"97":{"start":{"line":125,"column":2},"end":{"line":125,"column":46}},"98":{"start":{"line":125,"column":21},"end":{"line":125,"column":46}},"99":{"start":{"line":127,"column":2},"end":{"line":127,"column":61}},"100":{"start":{"line":127,"column":34},"end":{"line":127,"column":61}},"101":{"start":{"line":128,"column":2},"end":{"line":135,"column":3}},"102":{"start":{"line":129,"column":4},"end":{"line":129,"column":31}},"103":{"start":{"line":130,"column":4},"end":{"line":130,"column":24}},"104":{"start":{"line":131,"column":4},"end":{"line":131,"column":21}},"105":{"start":{"line":132,"column":4},"end":{"line":132,"column":31}},"106":{"start":{"line":133,"column":4},"end":{"line":133,"column":30}},"107":{"start":{"line":134,"column":4},"end":{"line":134,"column":21}},"108":{"start":{"line":137,"column":2},"end":{"line":151,"column":3}},"109":{"start":{"line":138,"column":4},"end":{"line":138,"column":33}},"110":{"start":{"line":139,"column":4},"end":{"line":148,"column":6}},"111":{"start":{"line":140,"column":6},"end":{"line":143,"column":7}},"112":{"start":{"line":141,"column":8},"end":{"line":141,"column":22}},"113":{"start":{"line":142,"column":8},"end":{"line":142,"column":28}},"114":{"start":{"line":145,"column":6},"end":{"line":145,"column":41}},"115":{"start":{"line":146,"column":6},"end":{"line":146,"column":26}},"116":{"start":{"line":147,"column":6},"end":{"line":147,"column":16}},"117":{"start":{"line":150,"column":4},"end":{"line":150,"column":19}},"118":{"start":{"line":153,"column":2},"end":{"line":153,"column":22}},"119":{"start":{"line":155,"column":2},"end":{"line":158,"column":3}},"120":{"start":{"line":156,"column":4},"end":{"line":156,"column":30}},"121":{"start":{"line":157,"column":4},"end":{"line":157,"column":21}},"122":{"start":{"line":160,"column":2},"end":{"line":160,"column":27}},"123":{"start":{"line":162,"column":2},"end":{"line":162,"column":21}},"124":{"start":{"line":164,"column":2},"end":{"line":180,"column":4}},"125":{"start":{"line":165,"column":4},"end":{"line":165,"column":23}},"126":{"start":{"line":167,"column":4},"end":{"line":170,"column":5}},"127":{"start":{"line":168,"column":6},"end":{"line":168,"column":20}},"128":{"start":{"line":169,"column":6},"end":{"line":169,"column":26}},"129":{"start":{"line":172,"column":4},"end":{"line":175,"column":5}},"130":{"start":{"line":173,"column":6},"end":{"line":173,"column":20}},"131":{"start":{"line":174,"column":6},"end":{"line":174,"column":49}},"132":{"start":{"line":177,"column":4},"end":{"line":177,"column":31}},"133":{"start":{"line":178,"column":4},"end":{"line":178,"column":41}},"134":{"start":{"line":178,"column":26},"end":{"line":178,"column":41}},"135":{"start":{"line":179,"column":4},"end":{"line":179,"column":14}},"136":{"start":{"line":182,"column":2},"end":{"line":182,"column":13}},"137":{"start":{"line":185,"column":0},"end":{"line":195,"column":1}},"138":{"start":{"line":186,"column":2},"end":{"line":189,"column":3}},"139":{"start":{"line":187,"column":4},"end":{"line":187,"column":27}},"140":{"start":{"line":188,"column":4},"end":{"line":188,"column":10}},"141":{"start":{"line":191,"column":2},"end":{"line":191,"column":29}},"142":{"start":{"line":191,"column":23},"end":{"line":191,"column":29}},"143":{"start":{"line":192,"column":2},"end":{"line":192,"column":24}},"144":{"start":{"line":193,"column":2},"end":{"line":193,"column":23}},"145":{"start":{"line":194,"column":2},"end":{"line":194,"column":17}},"146":{"start":{"line":197,"column":0},"end":{"line":204,"column":1}},"147":{"start":{"line":198,"column":2},"end":{"line":198,"column":29}},"148":{"start":{"line":198,"column":23},"end":{"line":198,"column":29}},"149":{"start":{"line":199,"column":2},"end":{"line":199,"column":24}},"150":{"start":{"line":201,"column":2},"end":{"line":201,"column":34}},"151":{"start":{"line":201,"column":11},"end":{"line":201,"column":34}},"152":{"start":{"line":202,"column":2},"end":{"line":202,"column":20}},"153":{"start":{"line":203,"column":2},"end":{"line":203,"column":66}},"154":{"start":{"line":203,"column":44},"end":{"line":203,"column":66}},"155":{"start":{"line":206,"column":0},"end":{"line":215,"column":1}},"156":{"start":{"line":207,"column":2},"end":{"line":213,"column":3}},"157":{"start":{"line":208,"column":4},"end":{"line":208,"column":36}},"158":{"start":{"line":209,"column":4},"end":{"line":212,"column":5}},"159":{"start":{"line":210,"column":6},"end":{"line":210,"column":20}},"160":{"start":{"line":211,"column":6},"end":{"line":211,"column":12}},"161":{"start":{"line":214,"column":2},"end":{"line":214,"column":25}},"162":{"start":{"line":217,"column":0},"end":{"line":246,"column":1}},"163":{"start":{"line":218,"column":2},"end":{"line":222,"column":4}},"164":{"start":{"line":224,"column":2},"end":{"line":237,"column":3}},"165":{"start":{"line":239,"column":2},"end":{"line":239,"column":38}},"166":{"start":{"line":240,"column":2},"end":{"line":240,"column":22}},"167":{"start":{"line":241,"column":2},"end":{"line":241,"column":34}},"168":{"start":{"line":243,"column":2},"end":{"line":243,"column":30}},"169":{"start":{"line":244,"column":2},"end":{"line":244,"column":30}},"170":{"start":{"line":245,"column":2},"end":{"line":245,"column":38}},"171":{"start":{"line":248,"column":0},"end":{"line":252,"column":1}},"172":{"start":{"line":249,"column":2},"end":{"line":249,"column":25}},"173":{"start":{"line":250,"column":2},"end":{"line":250,"column":20}},"174":{"start":{"line":251,"column":2},"end":{"line":251,"column":9}},"175":{"start":{"line":254,"column":0},"end":{"line":254,"column":21}}},"branchMap":{"1":{"line":21,"type":"if","locations":[{"start":{"line":21,"column":2},"end":{"line":21,"column":2}},{"start":{"line":21,"column":2},"end":{"line":21,"column":2}}]},"2":{"line":25,"type":"switch","locations":[{"start":{"line":26,"column":4},"end":{"line":26,"column":49}},{"start":{"line":27,"column":4},"end":{"line":27,"column":53}},{"start":{"line":28,"column":4},"end":{"line":28,"column":46}},{"start":{"line":29,"column":4},"end":{"line":29,"column":41}},{"start":{"line":30,"column":4},"end":{"line":30,"column":44}}]},"3":{"line":47,"type":"if","locations":[{"start":{"line":47,"column":2},"end":{"line":47,"column":2}},{"start":{"line":47,"column":2},"end":{"line":47,"column":2}}]},"4":{"line":52,"type":"if","locations":[{"start":{"line":52,"column":2},"end":{"line":52,"column":2}},{"start":{"line":52,"column":2},"end":{"line":52,"column":2}}]},"5":{"line":72,"type":"if","locations":[{"start":{"line":72,"column":2},"end":{"line":72,"column":2}},{"start":{"line":72,"column":2},"end":{"line":72,"column":2}}]},"6":{"line":89,"type":"if","locations":[{"start":{"line":89,"column":2},"end":{"line":89,"column":2}},{"start":{"line":89,"column":2},"end":{"line":89,"column":2}}]},"7":{"line":95,"type":"if","locations":[{"start":{"line":95,"column":2},"end":{"line":95,"column":2}},{"start":{"line":95,"column":2},"end":{"line":95,"column":2}}]},"8":{"line":108,"type":"if","locations":[{"start":{"line":108,"column":2},"end":{"line":108,"column":2}},{"start":{"line":108,"column":2},"end":{"line":108,"column":2}}]},"9":{"line":109,"type":"if","locations":[{"start":{"line":109,"column":2},"end":{"line":109,"column":2}},{"start":{"line":109,"column":2},"end":{"line":109,"column":2}}]},"10":{"line":109,"type":"binary-expr","locations":[{"start":{"line":109,"column":6},"end":{"line":109,"column":21}},{"start":{"line":109,"column":25},"end":{"line":109,"column":40}}]},"11":{"line":111,"type":"if","locations":[{"start":{"line":111,"column":2},"end":{"line":111,"column":2}},{"start":{"line":111,"column":2},"end":{"line":111,"column":2}}]},"12":{"line":116,"type":"if","locations":[{"start":{"line":116,"column":2},"end":{"line":116,"column":2}},{"start":{"line":116,"column":2},"end":{"line":116,"column":2}}]},"13":{"line":120,"type":"if","locations":[{"start":{"line":120,"column":2},"end":{"line":120,"column":2}},{"start":{"line":120,"column":2},"end":{"line":120,"column":2}}]},"14":{"line":120,"type":"binary-expr","locations":[{"start":{"line":120,"column":6},"end":{"line":120,"column":18}},{"start":{"line":120,"column":22},"end":{"line":120,"column":47}}]},"15":{"line":121,"type":"if","locations":[{"start":{"line":121,"column":2},"end":{"line":121,"column":2}},{"start":{"line":121,"column":2},"end":{"line":121,"column":2}}]},"16":{"line":122,"type":"if","locations":[{"start":{"line":122,"column":2},"end":{"line":122,"column":2}},{"start":{"line":122,"column":2},"end":{"line":122,"column":2}}]},"17":{"line":122,"type":"cond-expr","locations":[{"start":{"line":122,"column":64},"end":{"line":122,"column":69}},{"start":{"line":122,"column":72},"end":{"line":122,"column":77}}]},"18":{"line":123,"type":"if","locations":[{"start":{"line":123,"column":2},"end":{"line":123,"column":2}},{"start":{"line":123,"column":2},"end":{"line":123,"column":2}}]},"19":{"line":124,"type":"if","locations":[{"start":{"line":124,"column":2},"end":{"line":124,"column":2}},{"start":{"line":124,"column":2},"end":{"line":124,"column":2}}]},"20":{"line":125,"type":"if","locations":[{"start":{"line":125,"column":2},"end":{"line":125,"column":2}},{"start":{"line":125,"column":2},"end":{"line":125,"column":2}}]},"21":{"line":127,"type":"if","locations":[{"start":{"line":127,"column":2},"end":{"line":127,"column":2}},{"start":{"line":127,"column":2},"end":{"line":127,"column":2}}]},"22":{"line":128,"type":"if","locations":[{"start":{"line":128,"column":2},"end":{"line":128,"column":2}},{"start":{"line":128,"column":2},"end":{"line":128,"column":2}}]},"23":{"line":137,"type":"if","locations":[{"start":{"line":137,"column":2},"end":{"line":137,"column":2}},{"start":{"line":137,"column":2},"end":{"line":137,"column":2}}]},"24":{"line":137,"type":"binary-expr","locations":[{"start":{"line":137,"column":6},"end":{"line":137,"column":31}},{"start":{"line":137,"column":35},"end":{"line":137,"column":51}}]},"25":{"line":140,"type":"if","locations":[{"start":{"line":140,"column":6},"end":{"line":140,"column":6}},{"start":{"line":140,"column":6},"end":{"line":140,"column":6}}]},"26":{"line":155,"type":"if","locations":[{"start":{"line":155,"column":2},"end":{"line":155,"column":2}},{"start":{"line":155,"column":2},"end":{"line":155,"column":2}}]},"27":{"line":155,"type":"binary-expr","locations":[{"start":{"line":155,"column":6},"end":{"line":155,"column":28}},{"start":{"line":155,"column":32},"end":{"line":155,"column":65}}]},"28":{"line":167,"type":"if","locations":[{"start":{"line":167,"column":4},"end":{"line":167,"column":4}},{"start":{"line":167,"column":4},"end":{"line":167,"column":4}}]},"29":{"line":172,"type":"if","locations":[{"start":{"line":172,"column":4},"end":{"line":172,"column":4}},{"start":{"line":172,"column":4},"end":{"line":172,"column":4}}]},"30":{"line":178,"type":"if","locations":[{"start":{"line":178,"column":4},"end":{"line":178,"column":4}},{"start":{"line":178,"column":4},"end":{"line":178,"column":4}}]},"31":{"line":186,"type":"if","locations":[{"start":{"line":186,"column":2},"end":{"line":186,"column":2}},{"start":{"line":186,"column":2},"end":{"line":186,"column":2}}]},"32":{"line":191,"type":"if","locations":[{"start":{"line":191,"column":2},"end":{"line":191,"column":2}},{"start":{"line":191,"column":2},"end":{"line":191,"column":2}}]},"33":{"line":198,"type":"if","locations":[{"start":{"line":198,"column":2},"end":{"line":198,"column":2}},{"start":{"line":198,"column":2},"end":{"line":198,"column":2}}]},"34":{"line":201,"type":"if","locations":[{"start":{"line":201,"column":2},"end":{"line":201,"column":2}},{"start":{"line":201,"column":2},"end":{"line":201,"column":2}}]},"35":{"line":203,"type":"if","locations":[{"start":{"line":203,"column":2},"end":{"line":203,"column":2}},{"start":{"line":203,"column":2},"end":{"line":203,"column":2}}]},"36":{"line":203,"type":"binary-expr","locations":[{"start":{"line":203,"column":6},"end":{"line":203,"column":18}},{"start":{"line":203,"column":22},"end":{"line":203,"column":42}}]},"37":{"line":207,"type":"if","locations":[{"start":{"line":207,"column":2},"end":{"line":207,"column":2}},{"start":{"line":207,"column":2},"end":{"line":207,"column":2}}]},"38":{"line":209,"type":"if","locations":[{"start":{"line":209,"column":4},"end":{"line":209,"column":4}},{"start":{"line":209,"column":4},"end":{"line":209,"column":4}}]},"39":{"line":232,"type":"binary-expr","locations":[{"start":{"line":232,"column":14},"end":{"line":232,"column":29}},{"start":{"line":232,"column":33},"end":{"line":232,"column":44}}]}},"code":["var constants = require('constants')","var eos = require('end-of-stream')","var util = require('util')","","var Readable = require('readable-stream').Readable","var Writable = require('readable-stream').Writable","var StringDecoder = require('string_decoder').StringDecoder","","var headers = require('./headers')","","var DMODE = parseInt('755', 8)","var FMODE = parseInt('644', 8)","","var END_OF_TAR = new Buffer(1024)","END_OF_TAR.fill(0)","","var noop = function () {}","","var overflow = function (self, size) {","  size &= 511","  if (size) self.push(END_OF_TAR.slice(0, 512 - size))","}","","function modeToType (mode) {","  switch (mode & constants.S_IFMT) {","    case constants.S_IFBLK: return 'block-device'","    case constants.S_IFCHR: return 'character-device'","    case constants.S_IFDIR: return 'directory'","    case constants.S_IFIFO: return 'fifo'","    case constants.S_IFLNK: return 'symlink'","  }","","  return 'file'","}","","var Sink = function (to) {","  Writable.call(this)","  this.written = 0","  this._to = to","  this._destroyed = false","}","","util.inherits(Sink, Writable)","","Sink.prototype._write = function (data, enc, cb) {","  this.written += data.length","  if (this._to.push(data)) return cb()","  this._to._drain = cb","}","","Sink.prototype.destroy = function () {","  if (this._destroyed) return","  this._destroyed = true","  this.emit('close')","}","","var LinkSink = function () {","  Writable.call(this)","  this.linkname = ''","  this._decoder = new StringDecoder('utf-8')","  this._destroyed = false","}","","util.inherits(LinkSink, Writable)","","LinkSink.prototype._write = function (data, enc, cb) {","  this.linkname += this._decoder.write(data)","  cb()","}","","LinkSink.prototype.destroy = function () {","  if (this._destroyed) return","  this._destroyed = true","  this.emit('close')","}","","var Void = function () {","  Writable.call(this)","  this._destroyed = false","}","","util.inherits(Void, Writable)","","Void.prototype._write = function (data, enc, cb) {","  cb(new Error('No body allowed for this entry'))","}","","Void.prototype.destroy = function () {","  if (this._destroyed) return","  this._destroyed = true","  this.emit('close')","}","","var Pack = function (opts) {","  if (!(this instanceof Pack)) return new Pack(opts)","  Readable.call(this, opts)","","  this._drain = noop","  this._finalized = false","  this._finalizing = false","  this._destroyed = false","  this._stream = null","}","","util.inherits(Pack, Readable)","","Pack.prototype.entry = function (header, buffer, callback) {","  if (this._stream) throw new Error('already piping an entry')","  if (this._finalized || this._destroyed) return","","  if (typeof buffer === 'function') {","    callback = buffer","    buffer = null","  }","","  if (!callback) callback = noop","","  var self = this","","  if (!header.size || header.type === 'symlink') header.size = 0","  if (!header.type) header.type = modeToType(header.mode)","  if (!header.mode) header.mode = header.type === 'directory' ? DMODE : FMODE","  if (!header.uid) header.uid = 0","  if (!header.gid) header.gid = 0","  if (!header.mtime) header.mtime = new Date()","","  if (typeof buffer === 'string') buffer = new Buffer(buffer)","  if (Buffer.isBuffer(buffer)) {","    header.size = buffer.length","    this._encode(header)","    this.push(buffer)","    overflow(self, header.size)","    process.nextTick(callback)","    return new Void()","  }","","  if (header.type === 'symlink' && !header.linkname) {","    var linkSink = new LinkSink()","    eos(linkSink, function (err) {","      if (err) { // stream was closed","        self.destroy()","        return callback(err)","      }","","      header.linkname = linkSink.linkname","      self._encode(header)","      callback()","    })","","    return linkSink","  }","","  this._encode(header)","","  if (header.type !== 'file' && header.type !== 'contiguous-file') {","    process.nextTick(callback)","    return new Void()","  }","","  var sink = new Sink(this)","","  this._stream = sink","","  eos(sink, function (err) {","    self._stream = null","","    if (err) { // stream was closed","      self.destroy()","      return callback(err)","    }","","    if (sink.written !== header.size) { // corrupting tar","      self.destroy()","      return callback(new Error('size mismatch'))","    }","","    overflow(self, header.size)","    if (self._finalizing) self.finalize()","    callback()","  })","","  return sink","}","","Pack.prototype.finalize = function () {","  if (this._stream) {","    this._finalizing = true","    return","  }","","  if (this._finalized) return","  this._finalized = true","  this.push(END_OF_TAR)","  this.push(null)","}","","Pack.prototype.destroy = function (err) {","  if (this._destroyed) return","  this._destroyed = true","","  if (err) this.emit('error', err)","  this.emit('close')","  if (this._stream && this._stream.destroy) this._stream.destroy()","}","","Pack.prototype._encode = function (header) {","  if (!header.pax) {","    var buf = headers.encode(header)","    if (buf) {","      this.push(buf)","      return","    }","  }","  this._encodePax(header)","}","","Pack.prototype._encodePax = function (header) {","  var paxHeader = headers.encodePax({","    name: header.name,","    linkname: header.linkname,","    pax: header.pax","  })","","  var newHeader = {","    name: 'PaxHeader',","    mode: header.mode,","    uid: header.uid,","    gid: header.gid,","    size: paxHeader.length,","    mtime: header.mtime,","    type: 'pax-header',","    linkname: header.linkname && 'PaxHeader',","    uname: header.uname,","    gname: header.gname,","    devmajor: header.devmajor,","    devminor: header.devminor","  }","","  this.push(headers.encode(newHeader))","  this.push(paxHeader)","  overflow(this, paxHeader.length)","","  newHeader.size = header.size","  newHeader.type = header.type","  this.push(headers.encode(newHeader))","}","","Pack.prototype._read = function (n) {","  var drain = this._drain","  this._drain = noop","  drain()","}","","module.exports = Pack",""],"l":{"1":1,"2":1,"3":1,"5":1,"6":1,"7":1,"9":1,"11":1,"12":1,"14":1,"15":1,"17":1,"19":1,"20":0,"21":0,"24":1,"25":0,"26":0,"27":0,"28":0,"29":0,"30":0,"33":0,"36":1,"37":0,"38":0,"39":0,"40":0,"43":1,"45":1,"46":0,"47":0,"48":0,"51":1,"52":0,"53":0,"54":0,"57":1,"58":0,"59":0,"60":0,"61":0,"64":1,"66":1,"67":0,"68":0,"71":1,"72":0,"73":0,"74":0,"77":1,"78":0,"79":0,"82":1,"84":1,"85":0,"88":1,"89":0,"90":0,"91":0,"94":1,"95":0,"96":0,"98":0,"99":0,"100":0,"101":0,"102":0,"105":1,"107":1,"108":0,"109":0,"111":0,"112":0,"113":0,"116":0,"118":0,"120":0,"121":0,"122":0,"123":0,"124":0,"125":0,"127":0,"128":0,"129":0,"130":0,"131":0,"132":0,"133":0,"134":0,"137":0,"138":0,"139":0,"140":0,"141":0,"142":0,"145":0,"146":0,"147":0,"150":0,"153":0,"155":0,"156":0,"157":0,"160":0,"162":0,"164":0,"165":0,"167":0,"168":0,"169":0,"172":0,"173":0,"174":0,"177":0,"178":0,"179":0,"182":0,"185":1,"186":0,"187":0,"188":0,"191":0,"192":0,"193":0,"194":0,"197":1,"198":0,"199":0,"201":0,"202":0,"203":0,"206":1,"207":0,"208":0,"209":0,"210":0,"211":0,"214":0,"217":1,"218":0,"224":0,"239":0,"240":0,"241":0,"243":0,"244":0,"245":0,"248":1,"249":0,"250":0,"251":0,"254":1}}}